{"C:\\Users\\lfex\\Desktop\\PenniWise\\server\\src\\app.ts": {"path":"C:\\Users\\lfex\\Desktop\\PenniWise\\server\\src\\app.ts","statementMap":{"0":{"start":{"line":18,"column":21},"end":{"line":18,"column":29}},"1":{"start":{"line":20,"column":0},"end":{"line":22,"column":null}},"2":{"start":{"line":21,"column":2},"end":{"line":21,"column":null}},"3":{"start":{"line":24,"column":0},"end":{"line":24,"column":null}},"4":{"start":{"line":26,"column":0},"end":{"line":26,"column":null}},"5":{"start":{"line":28,"column":0},"end":{"line":28,"column":null}},"6":{"start":{"line":29,"column":0},"end":{"line":29,"column":null}},"7":{"start":{"line":31,"column":0},"end":{"line":31,"column":null}},"8":{"start":{"line":33,"column":16},"end":{"line":39,"column":null}},"9":{"start":{"line":41,"column":0},"end":{"line":41,"column":null}},"10":{"start":{"line":42,"column":0},"end":{"line":42,"column":null}},"11":{"start":{"line":44,"column":0},"end":{"line":44,"column":null}},"12":{"start":{"line":45,"column":0},"end":{"line":45,"column":null}},"13":{"start":{"line":46,"column":0},"end":{"line":46,"column":null}},"14":{"start":{"line":47,"column":0},"end":{"line":47,"column":null}},"15":{"start":{"line":51,"column":0},"end":{"line":56,"column":null}},"16":{"start":{"line":52,"column":2},"end":{"line":52,"column":null}},"17":{"start":{"line":53,"column":2},"end":{"line":55,"column":null}},"18":{"start":{"line":58,"column":0},"end":{"line":58,"column":null}}},"fnMap":{"0":{"name":"(anonymous_0)","decl":{"start":{"line":51,"column":4},"end":{"line":51,"column":9}},"loc":{"start":{"line":51,"column":62},"end":{"line":56,"column":1}},"line":51}},"branchMap":{"0":{"loc":{"start":{"line":20,"column":0},"end":{"line":22,"column":null}},"type":"if","locations":[{"start":{"line":20,"column":0},"end":{"line":22,"column":null}},{"start":{},"end":{}}],"line":20}},"s":{"0":1,"1":1,"2":0,"3":1,"4":1,"5":1,"6":1,"7":1,"8":1,"9":1,"10":1,"11":1,"12":1,"13":1,"14":1,"15":1,"16":0,"17":0,"18":1},"f":{"0":0},"b":{"0":[0,1]},"meta":{"lastBranch":1,"lastFunction":1,"lastStatement":19,"seen":{"s:18:21:18:29":0,"b:20:0:22:Infinity:undefined:undefined:undefined:undefined":0,"s:20:0:22:Infinity":1,"s:21:2:21:Infinity":2,"s:24:0:24:Infinity":3,"s:26:0:26:Infinity":4,"s:28:0:28:Infinity":5,"s:29:0:29:Infinity":6,"s:31:0:31:Infinity":7,"s:33:16:39:Infinity":8,"s:41:0:41:Infinity":9,"s:42:0:42:Infinity":10,"s:44:0:44:Infinity":11,"s:45:0:45:Infinity":12,"s:46:0:46:Infinity":13,"s:47:0:47:Infinity":14,"s:51:0:56:Infinity":15,"f:51:4:51:9":0,"s:52:2:52:Infinity":16,"s:53:2:55:Infinity":17,"s:58:0:58:Infinity":18},"fnNames":{}}}
,"C:\\Users\\lfex\\Desktop\\PenniWise\\server\\src\\server.ts": {"path":"C:\\Users\\lfex\\Desktop\\PenniWise\\server\\src\\server.ts","statementMap":{"0":{"start":{"line":7,"column":18},"end":{"line":58,"column":null}},"1":{"start":{"line":8,"column":15},"end":{"line":8,"column":null}},"2":{"start":{"line":10,"column":2},"end":{"line":10,"column":null}},"3":{"start":{"line":12,"column":17},"end":{"line":14,"column":null}},"4":{"start":{"line":13,"column":4},"end":{"line":13,"column":null}},"5":{"start":{"line":16,"column":23},"end":{"line":16,"column":null}},"6":{"start":{"line":18,"column":8},"end":{"line":24,"column":null}},"7":{"start":{"line":19,"column":4},"end":{"line":24,"column":null}},"8":{"start":{"line":20,"column":6},"end":{"line":23,"column":null}},"9":{"start":{"line":21,"column":8},"end":{"line":21,"column":null}},"10":{"start":{"line":21,"column":17},"end":{"line":21,"column":null}},"11":{"start":{"line":22,"column":8},"end":{"line":22,"column":null}},"12":{"start":{"line":26,"column":19},"end":{"line":42,"column":null}},"13":{"start":{"line":27,"column":4},"end":{"line":27,"column":null}},"14":{"start":{"line":27,"column":24},"end":{"line":27,"column":null}},"15":{"start":{"line":28,"column":4},"end":{"line":28,"column":null}},"16":{"start":{"line":30,"column":4},"end":{"line":30,"column":null}},"17":{"start":{"line":32,"column":4},"end":{"line":41,"column":null}},"18":{"start":{"line":33,"column":6},"end":{"line":33,"column":null}},"19":{"start":{"line":34,"column":6},"end":{"line":34,"column":null}},"20":{"start":{"line":35,"column":6},"end":{"line":35,"column":null}},"21":{"start":{"line":36,"column":6},"end":{"line":36,"column":null}},"22":{"start":{"line":37,"column":6},"end":{"line":37,"column":null}},"23":{"start":{"line":39,"column":6},"end":{"line":39,"column":null}},"24":{"start":{"line":40,"column":6},"end":{"line":40,"column":null}},"25":{"start":{"line":44,"column":2},"end":{"line":48,"column":null}},"26":{"start":{"line":45,"column":4},"end":{"line":45,"column":null}},"27":{"start":{"line":46,"column":4},"end":{"line":46,"column":null}},"28":{"start":{"line":47,"column":4},"end":{"line":47,"column":null}},"29":{"start":{"line":50,"column":2},"end":{"line":54,"column":null}},"30":{"start":{"line":51,"column":4},"end":{"line":51,"column":null}},"31":{"start":{"line":52,"column":4},"end":{"line":52,"column":null}},"32":{"start":{"line":53,"column":4},"end":{"line":53,"column":null}},"33":{"start":{"line":56,"column":2},"end":{"line":56,"column":null}},"34":{"start":{"line":56,"column":30},"end":{"line":56,"column":49}},"35":{"start":{"line":57,"column":2},"end":{"line":57,"column":null}},"36":{"start":{"line":57,"column":29},"end":{"line":57,"column":47}},"37":{"start":{"line":60,"column":0},"end":{"line":62,"column":null}},"38":{"start":{"line":61,"column":2},"end":{"line":61,"column":null}}},"fnMap":{"0":{"name":"(anonymous_0)","decl":{"start":{"line":7,"column":18},"end":{"line":7,"column":30}},"loc":{"start":{"line":7,"column":30},"end":{"line":58,"column":null}},"line":7},"1":{"name":"(anonymous_1)","decl":{"start":{"line":12,"column":28},"end":{"line":12,"column":40}},"loc":{"start":{"line":12,"column":40},"end":{"line":14,"column":3}},"line":12},"2":{"name":"(anonymous_2)","decl":{"start":{"line":18,"column":8},"end":{"line":18,"column":null}},"loc":{"start":{"line":19,"column":4},"end":{"line":24,"column":null}},"line":19},"3":{"name":"(anonymous_3)","decl":{"start":{"line":19,"column":8},"end":{"line":19,"column":23}},"loc":{"start":{"line":19,"column":43},"end":{"line":24,"column":5}},"line":19},"4":{"name":"(anonymous_4)","decl":{"start":{"line":20,"column":13},"end":{"line":20,"column":20}},"loc":{"start":{"line":20,"column":33},"end":{"line":23,"column":7}},"line":20},"5":{"name":"(anonymous_5)","decl":{"start":{"line":26,"column":19},"end":{"line":26,"column":26}},"loc":{"start":{"line":26,"column":45},"end":{"line":42,"column":null}},"line":26},"6":{"name":"(anonymous_6)","decl":{"start":{"line":44,"column":13},"end":{"line":44,"column":36}},"loc":{"start":{"line":44,"column":53},"end":{"line":48,"column":3}},"line":44},"7":{"name":"(anonymous_7)","decl":{"start":{"line":50,"column":13},"end":{"line":50,"column":35}},"loc":{"start":{"line":50,"column":52},"end":{"line":54,"column":3}},"line":50},"8":{"name":"(anonymous_8)","decl":{"start":{"line":56,"column":13},"end":{"line":56,"column":30}},"loc":{"start":{"line":56,"column":30},"end":{"line":56,"column":49}},"line":56},"9":{"name":"(anonymous_9)","decl":{"start":{"line":57,"column":13},"end":{"line":57,"column":29}},"loc":{"start":{"line":57,"column":29},"end":{"line":57,"column":47}},"line":57},"10":{"name":"(anonymous_10)","decl":{"start":{"line":60,"column":12},"end":{"line":60,"column":19}},"loc":{"start":{"line":60,"column":27},"end":{"line":62,"column":1}},"line":60}},"branchMap":{"0":{"loc":{"start":{"line":21,"column":8},"end":{"line":21,"column":null}},"type":"if","locations":[{"start":{"line":21,"column":8},"end":{"line":21,"column":null}},{"start":{},"end":{}}],"line":21},"1":{"loc":{"start":{"line":27,"column":4},"end":{"line":27,"column":null}},"type":"if","locations":[{"start":{"line":27,"column":4},"end":{"line":27,"column":null}},{"start":{},"end":{}}],"line":27}},"s":{"0":0,"1":0,"2":0,"3":0,"4":0,"5":0,"6":0,"7":0,"8":0,"9":0,"10":0,"11":0,"12":0,"13":0,"14":0,"15":0,"16":0,"17":0,"18":0,"19":0,"20":0,"21":0,"22":0,"23":0,"24":0,"25":0,"26":0,"27":0,"28":0,"29":0,"30":0,"31":0,"32":0,"33":0,"34":0,"35":0,"36":0,"37":0,"38":0},"f":{"0":0,"1":0,"2":0,"3":0,"4":0,"5":0,"6":0,"7":0,"8":0,"9":0,"10":0},"b":{"0":[0,0],"1":[0,0]},"meta":{"lastBranch":2,"lastFunction":11,"lastStatement":39,"seen":{"s:7:18:58:Infinity":0,"f:7:18:7:30":0,"s:8:15:8:Infinity":1,"s:10:2:10:Infinity":2,"s:12:17:14:Infinity":3,"f:12:28:12:40":1,"s:13:4:13:Infinity":4,"s:16:23:16:Infinity":5,"s:18:8:24:Infinity":6,"f:18:8:18:Infinity":2,"s:19:4:24:Infinity":7,"f:19:8:19:23":3,"s:20:6:23:Infinity":8,"f:20:13:20:20":4,"b:21:8:21:Infinity:undefined:undefined:undefined:undefined":0,"s:21:8:21:Infinity":9,"s:21:17:21:Infinity":10,"s:22:8:22:Infinity":11,"s:26:19:42:Infinity":12,"f:26:19:26:26":5,"b:27:4:27:Infinity:undefined:undefined:undefined:undefined":1,"s:27:4:27:Infinity":13,"s:27:24:27:Infinity":14,"s:28:4:28:Infinity":15,"s:30:4:30:Infinity":16,"s:32:4:41:Infinity":17,"s:33:6:33:Infinity":18,"s:34:6:34:Infinity":19,"s:35:6:35:Infinity":20,"s:36:6:36:Infinity":21,"s:37:6:37:Infinity":22,"s:39:6:39:Infinity":23,"s:40:6:40:Infinity":24,"s:44:2:48:Infinity":25,"f:44:13:44:36":6,"s:45:4:45:Infinity":26,"s:46:4:46:Infinity":27,"s:47:4:47:Infinity":28,"s:50:2:54:Infinity":29,"f:50:13:50:35":7,"s:51:4:51:Infinity":30,"s:52:4:52:Infinity":31,"s:53:4:53:Infinity":32,"s:56:2:56:Infinity":33,"f:56:13:56:30":8,"s:56:30:56:49":34,"s:57:2:57:Infinity":35,"f:57:13:57:29":9,"s:57:29:57:47":36,"s:60:0:62:Infinity":37,"f:60:12:60:19":10,"s:61:2:61:Infinity":38},"fnNames":{}}}
,"C:\\Users\\lfex\\Desktop\\PenniWise\\server\\src\\config\\database.ts": {"path":"C:\\Users\\lfex\\Desktop\\PenniWise\\server\\src\\config\\database.ts","statementMap":{"0":{"start":{"line":7,"column":16},"end":{"line":7,"column":null}},"1":{"start":{"line":9,"column":22},"end":{"line":9,"column":null}},"2":{"start":{"line":11,"column":31},"end":{"line":19,"column":null}},"3":{"start":{"line":12,"column":2},"end":{"line":18,"column":null}},"4":{"start":{"line":13,"column":4},"end":{"line":13,"column":null}},"5":{"start":{"line":14,"column":4},"end":{"line":14,"column":null}},"6":{"start":{"line":16,"column":4},"end":{"line":16,"column":null}},"7":{"start":{"line":17,"column":4},"end":{"line":17,"column":null}},"8":{"start":{"line":21,"column":34},"end":{"line":24,"column":null}},"9":{"start":{"line":22,"column":2},"end":{"line":22,"column":null}},"10":{"start":{"line":23,"column":2},"end":{"line":23,"column":null}}},"fnMap":{"0":{"name":"(anonymous_0)","decl":{"start":{"line":11,"column":31},"end":{"line":11,"column":43}},"loc":{"start":{"line":11,"column":43},"end":{"line":19,"column":null}},"line":11},"1":{"name":"(anonymous_1)","decl":{"start":{"line":21,"column":34},"end":{"line":21,"column":46}},"loc":{"start":{"line":21,"column":46},"end":{"line":24,"column":null}},"line":21}},"branchMap":{},"s":{"0":5,"1":5,"2":5,"3":0,"4":0,"5":0,"6":0,"7":0,"8":5,"9":0,"10":0},"f":{"0":0,"1":0},"b":{},"meta":{"lastBranch":0,"lastFunction":2,"lastStatement":11,"seen":{"s:7:16:7:Infinity":0,"s:9:22:9:Infinity":1,"s:11:31:19:Infinity":2,"f:11:31:11:43":0,"s:12:2:18:Infinity":3,"s:13:4:13:Infinity":4,"s:14:4:14:Infinity":5,"s:16:4:16:Infinity":6,"s:17:4:17:Infinity":7,"s:21:34:24:Infinity":8,"f:21:34:21:46":1,"s:22:2:22:Infinity":9,"s:23:2:23:Infinity":10},"fnNames":{}}}
,"C:\\Users\\lfex\\Desktop\\PenniWise\\server\\src\\config\\env.ts": {"path":"C:\\Users\\lfex\\Desktop\\PenniWise\\server\\src\\config\\env.ts","statementMap":{"0":{"start":{"line":3,"column":0},"end":{"line":3,"column":null}},"1":{"start":{"line":5,"column":6},"end":{"line":9,"column":null}},"2":{"start":{"line":6,"column":16},"end":{"line":6,"column":null}},"3":{"start":{"line":7,"column":2},"end":{"line":7,"column":null}},"4":{"start":{"line":7,"column":14},"end":{"line":7,"column":null}},"5":{"start":{"line":8,"column":2},"end":{"line":8,"column":null}},"6":{"start":{"line":11,"column":6},"end":{"line":19,"column":null}},"7":{"start":{"line":12,"column":16},"end":{"line":12,"column":null}},"8":{"start":{"line":13,"column":2},"end":{"line":13,"column":null}},"9":{"start":{"line":13,"column":14},"end":{"line":13,"column":null}},"10":{"start":{"line":14,"column":17},"end":{"line":14,"column":null}},"11":{"start":{"line":15,"column":2},"end":{"line":17,"column":null}},"12":{"start":{"line":16,"column":4},"end":{"line":16,"column":null}},"13":{"start":{"line":18,"column":2},"end":{"line":18,"column":null}},"14":{"start":{"line":21,"column":22},"end":{"line":53,"column":null}}},"fnMap":{"0":{"name":"(anonymous_0)","decl":{"start":{"line":5,"column":6},"end":{"line":5,"column":17}},"loc":{"start":{"line":5,"column":33},"end":{"line":9,"column":null}},"line":5},"1":{"name":"(anonymous_1)","decl":{"start":{"line":11,"column":6},"end":{"line":11,"column":29}},"loc":{"start":{"line":11,"column":71},"end":{"line":19,"column":null}},"line":11}},"branchMap":{"0":{"loc":{"start":{"line":7,"column":2},"end":{"line":7,"column":null}},"type":"if","locations":[{"start":{"line":7,"column":2},"end":{"line":7,"column":null}},{"start":{},"end":{}}],"line":7},"1":{"loc":{"start":{"line":13,"column":2},"end":{"line":13,"column":null}},"type":"if","locations":[{"start":{"line":13,"column":2},"end":{"line":13,"column":null}},{"start":{},"end":{}}],"line":13},"2":{"loc":{"start":{"line":15,"column":2},"end":{"line":17,"column":null}},"type":"if","locations":[{"start":{"line":15,"column":2},"end":{"line":17,"column":null}},{"start":{},"end":{}}],"line":15},"3":{"loc":{"start":{"line":15,"column":6},"end":{"line":15,"column":52}},"type":"binary-expr","locations":[{"start":{"line":15,"column":6},"end":{"line":15,"column":39}},{"start":{"line":15,"column":39},"end":{"line":15,"column":52}}],"line":15},"4":{"loc":{"start":{"line":29,"column":21},"end":{"line":29,"column":null}},"type":"binary-expr","locations":[{"start":{"line":29,"column":21},"end":{"line":29,"column":61}},{"start":{"line":29,"column":61},"end":{"line":29,"column":null}}],"line":29},"5":{"loc":{"start":{"line":31,"column":6},"end":{"line":31,"column":null}},"type":"binary-expr","locations":[{"start":{"line":31,"column":6},"end":{"line":31,"column":52}},{"start":{"line":31,"column":52},"end":{"line":31,"column":null}}],"line":31},"6":{"loc":{"start":{"line":40,"column":16},"end":{"line":40,"column":null}},"type":"binary-expr","locations":[{"start":{"line":40,"column":16},"end":{"line":40,"column":49}},{"start":{"line":40,"column":49},"end":{"line":40,"column":null}}],"line":40},"7":{"loc":{"start":{"line":46,"column":14},"end":{"line":46,"column":null}},"type":"binary-expr","locations":[{"start":{"line":46,"column":14},"end":{"line":46,"column":44}},{"start":{"line":46,"column":44},"end":{"line":46,"column":null}}],"line":46},"8":{"loc":{"start":{"line":48,"column":13},"end":{"line":48,"column":null}},"type":"binary-expr","locations":[{"start":{"line":48,"column":13},"end":{"line":48,"column":43}},{"start":{"line":48,"column":43},"end":{"line":48,"column":null}}],"line":48},"9":{"loc":{"start":{"line":49,"column":11},"end":{"line":49,"column":null}},"type":"binary-expr","locations":[{"start":{"line":49,"column":11},"end":{"line":49,"column":38}},{"start":{"line":49,"column":38},"end":{"line":49,"column":null}}],"line":49}},"s":{"0":9,"1":9,"2":99,"3":99,"4":0,"5":99,"6":9,"7":9,"8":9,"9":0,"10":9,"11":9,"12":0,"13":9,"14":9},"f":{"0":99,"1":9},"b":{"0":[0,99],"1":[0,9],"2":[0,9],"3":[9,9],"4":[9,0],"5":[9,0],"6":[9,0],"7":[9,0],"8":[9,0],"9":[9,0]},"meta":{"lastBranch":10,"lastFunction":2,"lastStatement":15,"seen":{"s:3:0:3:Infinity":0,"s:5:6:9:Infinity":1,"f:5:6:5:17":0,"s:6:16:6:Infinity":2,"b:7:2:7:Infinity:undefined:undefined:undefined:undefined":0,"s:7:2:7:Infinity":3,"s:7:14:7:Infinity":4,"s:8:2:8:Infinity":5,"s:11:6:19:Infinity":6,"f:11:6:11:29":1,"s:12:16:12:Infinity":7,"b:13:2:13:Infinity:undefined:undefined:undefined:undefined":1,"s:13:2:13:Infinity":8,"s:13:14:13:Infinity":9,"s:14:17:14:Infinity":10,"b:15:2:17:Infinity:undefined:undefined:undefined:undefined":2,"s:15:2:17:Infinity":11,"b:15:6:15:39:15:39:15:52":3,"s:16:4:16:Infinity":12,"s:18:2:18:Infinity":13,"s:21:22:53:Infinity":14,"b:29:21:29:61:29:61:29:Infinity":4,"b:31:6:31:52:31:52:31:Infinity":5,"b:40:16:40:49:40:49:40:Infinity":6,"b:46:14:46:44:46:44:46:Infinity":7,"b:48:13:48:43:48:43:48:Infinity":8,"b:49:11:49:38:49:38:49:Infinity":9},"fnNames":{}}}
,"C:\\Users\\lfex\\Desktop\\PenniWise\\server\\src\\config\\logger.ts": {"path":"C:\\Users\\lfex\\Desktop\\PenniWise\\server\\src\\config\\logger.ts","statementMap":{"0":{"start":{"line":5,"column":63},"end":{"line":5,"column":null}},"1":{"start":{"line":7,"column":15},"end":{"line":13,"column":null}},"2":{"start":{"line":15,"column":15},"end":{"line":21,"column":null}},"3":{"start":{"line":23,"column":0},"end":{"line":23,"column":null}},"4":{"start":{"line":25,"column":6},"end":{"line":28,"column":null}},"5":{"start":{"line":26,"column":14},"end":{"line":26,"column":null}},"6":{"start":{"line":27,"column":2},"end":{"line":27,"column":null}},"7":{"start":{"line":31,"column":22},"end":{"line":41,"column":null}},"8":{"start":{"line":35,"column":51},"end":{"line":35,"column":null}},"9":{"start":{"line":36,"column":20},"end":{"line":38,"column":null}},"10":{"start":{"line":39,"column":4},"end":{"line":39,"column":null}},"11":{"start":{"line":44,"column":19},"end":{"line":48,"column":null}},"12":{"start":{"line":54,"column":40},"end":{"line":69,"column":null}},"13":{"start":{"line":74,"column":15},"end":{"line":91,"column":null}}},"fnMap":{"0":{"name":"(anonymous_0)","decl":{"start":{"line":25,"column":6},"end":{"line":25,"column":20}},"loc":{"start":{"line":25,"column":20},"end":{"line":28,"column":null}},"line":25},"1":{"name":"(anonymous_1)","decl":{"start":{"line":34,"column":2},"end":{"line":34,"column":10}},"loc":{"start":{"line":34,"column":19},"end":{"line":40,"column":3}},"line":34}},"branchMap":{"0":{"loc":{"start":{"line":26,"column":14},"end":{"line":26,"column":null}},"type":"binary-expr","locations":[{"start":{"line":26,"column":14},"end":{"line":26,"column":33}},{"start":{"line":26,"column":33},"end":{"line":26,"column":null}}],"line":26},"1":{"loc":{"start":{"line":27,"column":9},"end":{"line":27,"column":null}},"type":"cond-expr","locations":[{"start":{"line":27,"column":33},"end":{"line":27,"column":43}},{"start":{"line":27,"column":43},"end":{"line":27,"column":null}}],"line":27},"2":{"loc":{"start":{"line":36,"column":20},"end":{"line":38,"column":null}},"type":"cond-expr","locations":[{"start":{"line":37,"column":8},"end":{"line":37,"column":null}},{"start":{"line":38,"column":8},"end":{"line":38,"column":null}}],"line":36}},"s":{"0":10,"1":10,"2":10,"3":10,"4":10,"5":10,"6":10,"7":10,"8":24,"9":24,"10":24,"11":10,"12":10,"13":10},"f":{"0":10,"1":24},"b":{"0":[10,1],"1":[1,9],"2":[16,8]},"meta":{"lastBranch":3,"lastFunction":2,"lastStatement":14,"seen":{"s:5:63:5:Infinity":0,"s:7:15:13:Infinity":1,"s:15:15:21:Infinity":2,"s:23:0:23:Infinity":3,"s:25:6:28:Infinity":4,"f:25:6:25:20":0,"s:26:14:26:Infinity":5,"b:26:14:26:33:26:33:26:Infinity":0,"s:27:2:27:Infinity":6,"b:27:33:27:43:27:43:27:Infinity":1,"s:31:22:41:Infinity":7,"f:34:2:34:10":1,"s:35:51:35:Infinity":8,"s:36:20:38:Infinity":9,"b:37:8:37:Infinity:38:8:38:Infinity":2,"s:39:4:39:Infinity":10,"s:44:19:48:Infinity":11,"s:54:40:69:Infinity":12,"s:74:15:91:Infinity":13},"fnNames":{}}}
,"C:\\Users\\lfex\\Desktop\\PenniWise\\server\\src\\config\\redis.ts": {"path":"C:\\Users\\lfex\\Desktop\\PenniWise\\server\\src\\config\\redis.ts","statementMap":{"0":{"start":{"line":5,"column":21},"end":{"line":11,"column":null}},"1":{"start":{"line":8,"column":18},"end":{"line":8,"column":null}},"2":{"start":{"line":9,"column":4},"end":{"line":9,"column":null}},"3":{"start":{"line":13,"column":0},"end":{"line":15,"column":null}},"4":{"start":{"line":14,"column":2},"end":{"line":14,"column":null}},"5":{"start":{"line":17,"column":0},"end":{"line":19,"column":null}},"6":{"start":{"line":18,"column":2},"end":{"line":18,"column":null}},"7":{"start":{"line":21,"column":31},"end":{"line":24,"column":null}},"8":{"start":{"line":22,"column":2},"end":{"line":22,"column":null}},"9":{"start":{"line":23,"column":2},"end":{"line":23,"column":null}}},"fnMap":{"0":{"name":"retryStrategy","decl":{"start":{"line":7,"column":2},"end":{"line":7,"column":16}},"loc":{"start":{"line":7,"column":23},"end":{"line":10,"column":null}},"line":7},"1":{"name":"(anonymous_1)","decl":{"start":{"line":13,"column":9},"end":{"line":13,"column":26}},"loc":{"start":{"line":13,"column":26},"end":{"line":15,"column":1}},"line":13},"2":{"name":"(anonymous_2)","decl":{"start":{"line":17,"column":9},"end":{"line":17,"column":19}},"loc":{"start":{"line":17,"column":27},"end":{"line":19,"column":1}},"line":17},"3":{"name":"(anonymous_3)","decl":{"start":{"line":21,"column":31},"end":{"line":21,"column":43}},"loc":{"start":{"line":21,"column":43},"end":{"line":24,"column":null}},"line":21}},"branchMap":{},"s":{"0":0,"1":0,"2":0,"3":0,"4":0,"5":0,"6":0,"7":0,"8":0,"9":0},"f":{"0":0,"1":0,"2":0,"3":0},"b":{},"meta":{"lastBranch":0,"lastFunction":4,"lastStatement":10,"seen":{"s:5:21:11:Infinity":0,"f:7:2:7:16":0,"s:8:18:8:Infinity":1,"s:9:4:9:Infinity":2,"s:13:0:15:Infinity":3,"f:13:9:13:26":1,"s:14:2:14:Infinity":4,"s:17:0:19:Infinity":5,"f:17:9:17:19":2,"s:18:2:18:Infinity":6,"s:21:31:24:Infinity":7,"f:21:31:21:43":3,"s:22:2:22:Infinity":8,"s:23:2:23:Infinity":9},"fnNames":{}}}
,"C:\\Users\\lfex\\Desktop\\PenniWise\\server\\src\\controller\\health.controller.ts": {"path":"C:\\Users\\lfex\\Desktop\\PenniWise\\server\\src\\controller\\health.controller.ts","statementMap":{"0":{"start":{"line":3,"column":13},"end":{"line":8,"column":null}},"1":{"start":{"line":4,"column":2},"end":{"line":7,"column":null}}},"fnMap":{"0":{"name":"(anonymous_0)","decl":{"start":{"line":3,"column":13},"end":{"line":3,"column":28}},"loc":{"start":{"line":3,"column":61},"end":{"line":8,"column":null}},"line":3}},"branchMap":{},"s":{"0":1,"1":1},"f":{"0":1},"b":{},"meta":{"lastBranch":0,"lastFunction":1,"lastStatement":2,"seen":{"s:3:13:8:Infinity":0,"f:3:13:3:28":0,"s:4:2:7:Infinity":1},"fnNames":{}}}
,"C:\\Users\\lfex\\Desktop\\PenniWise\\server\\src\\middleware\\authenticate.middleware.ts": {"path":"C:\\Users\\lfex\\Desktop\\PenniWise\\server\\src\\middleware\\authenticate.middleware.ts","statementMap":{"0":{"start":{"line":5,"column":13},"end":{"line":20,"column":null}},"1":{"start":{"line":10,"column":17},"end":{"line":10,"column":null}},"2":{"start":{"line":11,"column":2},"end":{"line":13,"column":null}},"3":{"start":{"line":12,"column":4},"end":{"line":12,"column":null}},"4":{"start":{"line":14,"column":2},"end":{"line":19,"column":null}},"5":{"start":{"line":15,"column":4},"end":{"line":15,"column":null}},"6":{"start":{"line":16,"column":4},"end":{"line":16,"column":null}},"7":{"start":{"line":18,"column":4},"end":{"line":18,"column":null}}},"fnMap":{"0":{"name":"(anonymous_0)","decl":{"start":{"line":5,"column":13},"end":{"line":5,"column":null}},"loc":{"start":{"line":9,"column":5},"end":{"line":20,"column":null}},"line":9}},"branchMap":{"0":{"loc":{"start":{"line":11,"column":2},"end":{"line":13,"column":null}},"type":"if","locations":[{"start":{"line":11,"column":2},"end":{"line":13,"column":null}},{"start":{},"end":{}}],"line":11}},"s":{"0":1,"1":0,"2":0,"3":0,"4":0,"5":0,"6":0,"7":0},"f":{"0":0},"b":{"0":[0,0]},"meta":{"lastBranch":1,"lastFunction":1,"lastStatement":8,"seen":{"s:5:13:20:Infinity":0,"f:5:13:5:Infinity":0,"s:10:17:10:Infinity":1,"b:11:2:13:Infinity:undefined:undefined:undefined:undefined":0,"s:11:2:13:Infinity":2,"s:12:4:12:Infinity":3,"s:14:2:19:Infinity":4,"s:15:4:15:Infinity":5,"s:16:4:16:Infinity":6,"s:18:4:18:Infinity":7},"fnNames":{}}}
,"C:\\Users\\lfex\\Desktop\\PenniWise\\server\\src\\middleware\\authorize.middleware.ts": {"path":"C:\\Users\\lfex\\Desktop\\PenniWise\\server\\src\\middleware\\authorize.middleware.ts","statementMap":{"0":{"start":{"line":6,"column":2},"end":{"line":11,"column":null}},"1":{"start":{"line":7,"column":4},"end":{"line":9,"column":null}},"2":{"start":{"line":8,"column":6},"end":{"line":8,"column":null}},"3":{"start":{"line":10,"column":4},"end":{"line":10,"column":null}}},"fnMap":{"0":{"name":"authorize","decl":{"start":{"line":5,"column":16},"end":{"line":5,"column":26}},"loc":{"start":{"line":5,"column":50},"end":{"line":12,"column":null}},"line":5},"1":{"name":"(anonymous_1)","decl":{"start":{"line":6,"column":2},"end":{"line":6,"column":10}},"loc":{"start":{"line":6,"column":63},"end":{"line":11,"column":null}},"line":6}},"branchMap":{"0":{"loc":{"start":{"line":7,"column":4},"end":{"line":9,"column":null}},"type":"if","locations":[{"start":{"line":7,"column":4},"end":{"line":9,"column":null}},{"start":{},"end":{}}],"line":7},"1":{"loc":{"start":{"line":7,"column":8},"end":{"line":7,"column":70}},"type":"binary-expr","locations":[{"start":{"line":7,"column":8},"end":{"line":7,"column":22}},{"start":{"line":7,"column":22},"end":{"line":7,"column":70}}],"line":7}},"s":{"0":6,"1":0,"2":0,"3":0},"f":{"0":6,"1":0},"b":{"0":[0,0],"1":[0,0]},"meta":{"lastBranch":2,"lastFunction":2,"lastStatement":4,"seen":{"f:5:16:5:26":0,"s:6:2:11:Infinity":0,"f:6:2:6:10":1,"b:7:4:9:Infinity:undefined:undefined:undefined:undefined":0,"s:7:4:9:Infinity":1,"b:7:8:7:22:7:22:7:70":1,"s:8:6:8:Infinity":2,"s:10:4:10:Infinity":3},"fnNames":{}}}
,"C:\\Users\\lfex\\Desktop\\PenniWise\\server\\src\\middleware\\error.middleware.ts": {"path":"C:\\Users\\lfex\\Desktop\\PenniWise\\server\\src\\middleware\\error.middleware.ts","statementMap":{"0":{"start":{"line":5,"column":13},"end":{"line":31,"column":null}},"1":{"start":{"line":11,"column":2},"end":{"line":11,"column":null}},"2":{"start":{"line":12,"column":2},"end":{"line":12,"column":null}},"3":{"start":{"line":14,"column":2},"end":{"line":25,"column":null}},"4":{"start":{"line":15,"column":46},"end":{"line":18,"column":null}},"5":{"start":{"line":20,"column":4},"end":{"line":22,"column":null}},"6":{"start":{"line":21,"column":6},"end":{"line":21,"column":null}},"7":{"start":{"line":24,"column":4},"end":{"line":24,"column":null}},"8":{"start":{"line":27,"column":2},"end":{"line":30,"column":null}}},"fnMap":{"0":{"name":"(anonymous_0)","decl":{"start":{"line":5,"column":13},"end":{"line":5,"column":null}},"loc":{"start":{"line":10,"column":5},"end":{"line":31,"column":null}},"line":10}},"branchMap":{"0":{"loc":{"start":{"line":14,"column":2},"end":{"line":25,"column":null}},"type":"if","locations":[{"start":{"line":14,"column":2},"end":{"line":25,"column":null}},{"start":{},"end":{}}],"line":14},"1":{"loc":{"start":{"line":20,"column":4},"end":{"line":22,"column":null}},"type":"if","locations":[{"start":{"line":20,"column":4},"end":{"line":22,"column":null}},{"start":{},"end":{}}],"line":20},"2":{"loc":{"start":{"line":20,"column":8},"end":{"line":20,"column":45}},"type":"binary-expr","locations":[{"start":{"line":20,"column":8},"end":{"line":20,"column":22}},{"start":{"line":20,"column":22},"end":{"line":20,"column":45}}],"line":20}},"s":{"0":1,"1":0,"2":0,"3":0,"4":0,"5":0,"6":0,"7":0,"8":0},"f":{"0":0},"b":{"0":[0,0],"1":[0,0],"2":[0,0]},"meta":{"lastBranch":3,"lastFunction":1,"lastStatement":9,"seen":{"s:5:13:31:Infinity":0,"f:5:13:5:Infinity":0,"s:11:2:11:Infinity":1,"s:12:2:12:Infinity":2,"b:14:2:25:Infinity:undefined:undefined:undefined:undefined":0,"s:14:2:25:Infinity":3,"s:15:46:18:Infinity":4,"b:20:4:22:Infinity:undefined:undefined:undefined:undefined":1,"s:20:4:22:Infinity":5,"b:20:8:20:22:20:22:20:45":2,"s:21:6:21:Infinity":6,"s:24:4:24:Infinity":7,"s:27:2:30:Infinity":8},"fnNames":{}}}
,"C:\\Users\\lfex\\Desktop\\PenniWise\\server\\src\\middleware\\validate.ts": {"path":"C:\\Users\\lfex\\Desktop\\PenniWise\\server\\src\\middleware\\validate.ts","statementMap":{"0":{"start":{"line":5,"column":13},"end":{"line":23,"column":null}},"1":{"start":{"line":6,"column":2},"end":{"line":22,"column":null}},"2":{"start":{"line":7,"column":4},"end":{"line":21,"column":null}},"3":{"start":{"line":8,"column":6},"end":{"line":12,"column":null}},"4":{"start":{"line":13,"column":6},"end":{"line":13,"column":null}},"5":{"start":{"line":15,"column":6},"end":{"line":20,"column":null}},"6":{"start":{"line":16,"column":24},"end":{"line":16,"column":null}},"7":{"start":{"line":16,"column":52},"end":{"line":16,"column":65}},"8":{"start":{"line":17,"column":8},"end":{"line":17,"column":null}},"9":{"start":{"line":19,"column":8},"end":{"line":19,"column":null}}},"fnMap":{"0":{"name":"(anonymous_0)","decl":{"start":{"line":5,"column":13},"end":{"line":5,"column":25}},"loc":{"start":{"line":5,"column":47},"end":{"line":23,"column":null}},"line":5},"1":{"name":"(anonymous_1)","decl":{"start":{"line":6,"column":2},"end":{"line":6,"column":10}},"loc":{"start":{"line":6,"column":63},"end":{"line":22,"column":null}},"line":6},"2":{"name":"(anonymous_2)","decl":{"start":{"line":16,"column":37},"end":{"line":16,"column":42}},"loc":{"start":{"line":16,"column":52},"end":{"line":16,"column":65}},"line":16}},"branchMap":{"0":{"loc":{"start":{"line":15,"column":6},"end":{"line":20,"column":null}},"type":"if","locations":[{"start":{"line":15,"column":6},"end":{"line":20,"column":null}},{"start":{"line":18,"column":13},"end":{"line":20,"column":null}}],"line":15}},"s":{"0":0,"1":0,"2":0,"3":0,"4":0,"5":0,"6":0,"7":0,"8":0,"9":0},"f":{"0":0,"1":0,"2":0},"b":{"0":[0,0]},"meta":{"lastBranch":1,"lastFunction":3,"lastStatement":10,"seen":{"s:5:13:23:Infinity":0,"f:5:13:5:25":0,"s:6:2:22:Infinity":1,"f:6:2:6:10":1,"s:7:4:21:Infinity":2,"s:8:6:12:Infinity":3,"s:13:6:13:Infinity":4,"b:15:6:20:Infinity:18:13:20:Infinity":0,"s:15:6:20:Infinity":5,"s:16:24:16:Infinity":6,"f:16:37:16:42":2,"s:16:52:16:65":7,"s:17:8:17:Infinity":8,"s:19:8:19:Infinity":9},"fnNames":{}}}
,"C:\\Users\\lfex\\Desktop\\PenniWise\\server\\src\\module\\admin-users\\admin-users.controller.ts": {"path":"C:\\Users\\lfex\\Desktop\\PenniWise\\server\\src\\module\\admin-users\\admin-users.controller.ts","statementMap":{"0":{"start":{"line":14,"column":2},"end":{"line":18,"column":null}},"1":{"start":{"line":15,"column":4},"end":{"line":15,"column":null}},"2":{"start":{"line":17,"column":4},"end":{"line":17,"column":null}},"3":{"start":{"line":26,"column":2},"end":{"line":31,"column":null}},"4":{"start":{"line":27,"column":18},"end":{"line":27,"column":null}},"5":{"start":{"line":28,"column":4},"end":{"line":28,"column":null}},"6":{"start":{"line":30,"column":4},"end":{"line":30,"column":null}},"7":{"start":{"line":39,"column":2},"end":{"line":44,"column":null}},"8":{"start":{"line":40,"column":4},"end":{"line":40,"column":null}},"9":{"start":{"line":41,"column":4},"end":{"line":41,"column":null}},"10":{"start":{"line":43,"column":4},"end":{"line":43,"column":null}},"11":{"start":{"line":53,"column":2},"end":{"line":58,"column":null}},"12":{"start":{"line":54,"column":18},"end":{"line":54,"column":null}},"13":{"start":{"line":55,"column":4},"end":{"line":55,"column":null}},"14":{"start":{"line":57,"column":4},"end":{"line":57,"column":null}},"15":{"start":{"line":66,"column":2},"end":{"line":72,"column":null}},"16":{"start":{"line":67,"column":18},"end":{"line":67,"column":null}},"17":{"start":{"line":68,"column":4},"end":{"line":68,"column":null}},"18":{"start":{"line":69,"column":4},"end":{"line":69,"column":null}},"19":{"start":{"line":71,"column":4},"end":{"line":71,"column":null}}},"fnMap":{"0":{"name":"listHandler","decl":{"start":{"line":9,"column":22},"end":{"line":9,"column":null}},"loc":{"start":{"line":13,"column":2},"end":{"line":19,"column":null}},"line":13},"1":{"name":"createHandler","decl":{"start":{"line":21,"column":22},"end":{"line":21,"column":null}},"loc":{"start":{"line":25,"column":2},"end":{"line":32,"column":null}},"line":25},"2":{"name":"deactivateHandler","decl":{"start":{"line":34,"column":22},"end":{"line":34,"column":null}},"loc":{"start":{"line":38,"column":2},"end":{"line":45,"column":null}},"line":38},"3":{"name":"updateMeHandler","decl":{"start":{"line":48,"column":22},"end":{"line":48,"column":null}},"loc":{"start":{"line":52,"column":2},"end":{"line":59,"column":null}},"line":52},"4":{"name":"changePasswordHandler","decl":{"start":{"line":61,"column":22},"end":{"line":61,"column":null}},"loc":{"start":{"line":65,"column":2},"end":{"line":73,"column":null}},"line":65}},"branchMap":{},"s":{"0":0,"1":0,"2":0,"3":0,"4":0,"5":0,"6":0,"7":0,"8":0,"9":0,"10":0,"11":0,"12":0,"13":0,"14":0,"15":0,"16":0,"17":0,"18":0,"19":0},"f":{"0":0,"1":0,"2":0,"3":0,"4":0},"b":{},"meta":{"lastBranch":0,"lastFunction":5,"lastStatement":20,"seen":{"f:9:22:9:Infinity":0,"s:14:2:18:Infinity":0,"s:15:4:15:Infinity":1,"s:17:4:17:Infinity":2,"f:21:22:21:Infinity":1,"s:26:2:31:Infinity":3,"s:27:18:27:Infinity":4,"s:28:4:28:Infinity":5,"s:30:4:30:Infinity":6,"f:34:22:34:Infinity":2,"s:39:2:44:Infinity":7,"s:40:4:40:Infinity":8,"s:41:4:41:Infinity":9,"s:43:4:43:Infinity":10,"f:48:22:48:Infinity":3,"s:53:2:58:Infinity":11,"s:54:18:54:Infinity":12,"s:55:4:55:Infinity":13,"s:57:4:57:Infinity":14,"f:61:22:61:Infinity":4,"s:66:2:72:Infinity":15,"s:67:18:67:Infinity":16,"s:68:4:68:Infinity":17,"s:69:4:69:Infinity":18,"s:71:4:71:Infinity":19},"fnNames":{}}}
,"C:\\Users\\lfex\\Desktop\\PenniWise\\server\\src\\module\\admin-users\\admin-users.repository.ts": {"path":"C:\\Users\\lfex\\Desktop\\PenniWise\\server\\src\\module\\admin-users\\admin-users.repository.ts","statementMap":{"0":{"start":{"line":4,"column":36},"end":{"line":60,"column":null}},"1":{"start":{"line":6,"column":4},"end":{"line":6,"column":null}},"2":{"start":{"line":10,"column":4},"end":{"line":10,"column":null}},"3":{"start":{"line":14,"column":4},"end":{"line":24,"column":null}},"4":{"start":{"line":28,"column":4},"end":{"line":37,"column":null}},"5":{"start":{"line":41,"column":4},"end":{"line":44,"column":null}},"6":{"start":{"line":48,"column":4},"end":{"line":54,"column":null}},"7":{"start":{"line":58,"column":4},"end":{"line":58,"column":null}}},"fnMap":{"0":{"name":"findByEmail","decl":{"start":{"line":5,"column":2},"end":{"line":5,"column":14}},"loc":{"start":{"line":5,"column":29},"end":{"line":7,"column":null}},"line":5},"1":{"name":"findById","decl":{"start":{"line":9,"column":2},"end":{"line":9,"column":11}},"loc":{"start":{"line":9,"column":23},"end":{"line":11,"column":null}},"line":9},"2":{"name":"list","decl":{"start":{"line":13,"column":2},"end":{"line":13,"column":9}},"loc":{"start":{"line":13,"column":9},"end":{"line":25,"column":null}},"line":13},"3":{"name":"create","decl":{"start":{"line":27,"column":2},"end":{"line":27,"column":9}},"loc":{"start":{"line":27,"column":73},"end":{"line":38,"column":null}},"line":27},"4":{"name":"deactivate","decl":{"start":{"line":40,"column":2},"end":{"line":40,"column":13}},"loc":{"start":{"line":40,"column":25},"end":{"line":45,"column":null}},"line":40},"5":{"name":"updateAccount","decl":{"start":{"line":47,"column":2},"end":{"line":47,"column":16}},"loc":{"start":{"line":47,"column":66},"end":{"line":55,"column":null}},"line":47},"6":{"name":"updatePassword","decl":{"start":{"line":57,"column":2},"end":{"line":57,"column":17}},"loc":{"start":{"line":57,"column":51},"end":{"line":59,"column":null}},"line":57}},"branchMap":{"0":{"loc":{"start":{"line":51,"column":12},"end":{"line":51,"column":null}},"type":"binary-expr","locations":[{"start":{"line":51,"column":12},"end":{"line":51,"column":40}},{"start":{"line":51,"column":40},"end":{"line":51,"column":null}}],"line":51}},"s":{"0":1,"1":0,"2":0,"3":0,"4":0,"5":0,"6":0,"7":0},"f":{"0":0,"1":0,"2":0,"3":0,"4":0,"5":0,"6":0},"b":{"0":[0,0]},"meta":{"lastBranch":1,"lastFunction":7,"lastStatement":8,"seen":{"s:4:36:60:Infinity":0,"f:5:2:5:14":0,"s:6:4:6:Infinity":1,"f:9:2:9:11":1,"s:10:4:10:Infinity":2,"f:13:2:13:9":2,"s:14:4:24:Infinity":3,"f:27:2:27:9":3,"s:28:4:37:Infinity":4,"f:40:2:40:13":4,"s:41:4:44:Infinity":5,"f:47:2:47:16":5,"s:48:4:54:Infinity":6,"b:51:12:51:40:51:40:51:Infinity":0,"f:57:2:57:17":6,"s:58:4:58:Infinity":7},"fnNames":{}}}
,"C:\\Users\\lfex\\Desktop\\PenniWise\\server\\src\\module\\admin-users\\admin-users.routes.ts": {"path":"C:\\Users\\lfex\\Desktop\\PenniWise\\server\\src\\module\\admin-users\\admin-users.routes.ts","statementMap":{"0":{"start":{"line":13,"column":59},"end":{"line":13,"column":66}},"1":{"start":{"line":14,"column":0},"end":{"line":14,"column":null}},"2":{"start":{"line":17,"column":0},"end":{"line":17,"column":null}},"3":{"start":{"line":18,"column":0},"end":{"line":18,"column":null}},"4":{"start":{"line":19,"column":0},"end":{"line":23,"column":null}},"5":{"start":{"line":26,"column":0},"end":{"line":26,"column":null}},"6":{"start":{"line":27,"column":0},"end":{"line":27,"column":null}}},"fnMap":{},"branchMap":{},"s":{"0":1,"1":1,"2":1,"3":1,"4":1,"5":1,"6":1},"f":{},"b":{},"meta":{"lastBranch":0,"lastFunction":0,"lastStatement":7,"seen":{"s:13:59:13:66":0,"s:14:0:14:Infinity":1,"s:17:0:17:Infinity":2,"s:18:0:18:Infinity":3,"s:19:0:23:Infinity":4,"s:26:0:26:Infinity":5,"s:27:0:27:Infinity":6},"fnNames":{}}}
,"C:\\Users\\lfex\\Desktop\\PenniWise\\server\\src\\module\\admin-users\\admin-users.service.ts": {"path":"C:\\Users\\lfex\\Desktop\\PenniWise\\server\\src\\module\\admin-users\\admin-users.service.ts","statementMap":{"0":{"start":{"line":11,"column":2},"end":{"line":11,"column":null}},"1":{"start":{"line":15,"column":19},"end":{"line":15,"column":null}},"2":{"start":{"line":16,"column":2},"end":{"line":17,"column":null}},"3":{"start":{"line":17,"column":4},"end":{"line":17,"column":null}},"4":{"start":{"line":19,"column":23},"end":{"line":19,"column":null}},"5":{"start":{"line":20,"column":2},"end":{"line":24,"column":null}},"6":{"start":{"line":28,"column":2},"end":{"line":28,"column":null}},"7":{"start":{"line":32,"column":2},"end":{"line":32,"column":null}},"8":{"start":{"line":36,"column":16},"end":{"line":36,"column":null}},"9":{"start":{"line":37,"column":18},"end":{"line":40,"column":null}},"10":{"start":{"line":41,"column":2},"end":{"line":41,"column":null}},"11":{"start":{"line":41,"column":16},"end":{"line":41,"column":null}},"12":{"start":{"line":43,"column":23},"end":{"line":43,"column":null}},"13":{"start":{"line":44,"column":2},"end":{"line":44,"column":null}}},"fnMap":{"0":{"name":"listAdmins","decl":{"start":{"line":10,"column":16},"end":{"line":10,"column":29}},"loc":{"start":{"line":10,"column":29},"end":{"line":12,"column":null}},"line":10},"1":{"name":"createAdmin","decl":{"start":{"line":14,"column":22},"end":{"line":14,"column":34}},"loc":{"start":{"line":14,"column":59},"end":{"line":25,"column":null}},"line":14},"2":{"name":"deactivateAdmin","decl":{"start":{"line":27,"column":16},"end":{"line":27,"column":32}},"loc":{"start":{"line":27,"column":44},"end":{"line":29,"column":null}},"line":27},"3":{"name":"updateAccount","decl":{"start":{"line":31,"column":16},"end":{"line":31,"column":30}},"loc":{"start":{"line":31,"column":69},"end":{"line":33,"column":null}},"line":31},"4":{"name":"changePassword","decl":{"start":{"line":35,"column":22},"end":{"line":35,"column":37}},"loc":{"start":{"line":35,"column":77},"end":{"line":45,"column":null}},"line":35}},"branchMap":{"0":{"loc":{"start":{"line":16,"column":2},"end":{"line":17,"column":null}},"type":"if","locations":[{"start":{"line":16,"column":2},"end":{"line":17,"column":null}},{"start":{},"end":{}}],"line":16},"1":{"loc":{"start":{"line":41,"column":2},"end":{"line":41,"column":null}},"type":"if","locations":[{"start":{"line":41,"column":2},"end":{"line":41,"column":null}},{"start":{},"end":{}}],"line":41}},"s":{"0":0,"1":0,"2":0,"3":0,"4":0,"5":0,"6":0,"7":0,"8":0,"9":0,"10":0,"11":0,"12":0,"13":0},"f":{"0":0,"1":0,"2":0,"3":0,"4":0},"b":{"0":[0,0],"1":[0,0]},"meta":{"lastBranch":2,"lastFunction":5,"lastStatement":14,"seen":{"f:10:16:10:29":0,"s:11:2:11:Infinity":0,"f:14:22:14:34":1,"s:15:19:15:Infinity":1,"b:16:2:17:Infinity:undefined:undefined:undefined:undefined":0,"s:16:2:17:Infinity":2,"s:17:4:17:Infinity":3,"s:19:23:19:Infinity":4,"s:20:2:24:Infinity":5,"f:27:16:27:32":2,"s:28:2:28:Infinity":6,"f:31:16:31:30":3,"s:32:2:32:Infinity":7,"f:35:22:35:37":4,"s:36:16:36:Infinity":8,"s:37:18:40:Infinity":9,"b:41:2:41:Infinity:undefined:undefined:undefined:undefined":1,"s:41:2:41:Infinity":10,"s:41:16:41:Infinity":11,"s:43:23:43:Infinity":12,"s:44:2:44:Infinity":13},"fnNames":{}}}
,"C:\\Users\\lfex\\Desktop\\PenniWise\\server\\src\\module\\admin-users\\admin-users.validation.ts": {"path":"C:\\Users\\lfex\\Desktop\\PenniWise\\server\\src\\module\\admin-users\\admin-users.validation.ts","statementMap":{"0":{"start":{"line":3,"column":33},"end":{"line":7,"column":null}},"1":{"start":{"line":9,"column":35},"end":{"line":11,"column":null}},"2":{"start":{"line":13,"column":36},"end":{"line":16,"column":null}}},"fnMap":{},"branchMap":{},"s":{"0":1,"1":1,"2":1},"f":{},"b":{},"meta":{"lastBranch":0,"lastFunction":0,"lastStatement":3,"seen":{"s:3:33:7:Infinity":0,"s:9:35:11:Infinity":1,"s:13:36:16:Infinity":2},"fnNames":{}}}
,"C:\\Users\\lfex\\Desktop\\PenniWise\\server\\src\\module\\ai\\ai.context.ts": {"path":"C:\\Users\\lfex\\Desktop\\PenniWise\\server\\src\\module\\ai\\ai.context.ts","statementMap":{"0":{"start":{"line":5,"column":32},"end":{"line":16,"column":null}},"1":{"start":{"line":18,"column":34},"end":{"line":26,"column":null}},"2":{"start":{"line":30,"column":28},"end":{"line":35,"column":null}},"3":{"start":{"line":37,"column":44},"end":{"line":53,"column":null}}},"fnMap":{},"branchMap":{},"s":{"0":4,"1":4,"2":4,"3":4},"f":{},"b":{},"meta":{"lastBranch":0,"lastFunction":0,"lastStatement":4,"seen":{"s:5:32:16:Infinity":0,"s:18:34:26:Infinity":1,"s:30:28:35:Infinity":2,"s:37:44:53:Infinity":3},"fnNames":{}}}
,"C:\\Users\\lfex\\Desktop\\PenniWise\\server\\src\\module\\ai\\ai.errors.ts": {"path":"C:\\Users\\lfex\\Desktop\\PenniWise\\server\\src\\module\\ai\\ai.errors.ts","statementMap":{"0":{"start":{"line":5,"column":4},"end":{"line":5,"column":null}},"1":{"start":{"line":11,"column":4},"end":{"line":11,"column":null}},"2":{"start":{"line":17,"column":4},"end":{"line":17,"column":null}},"3":{"start":{"line":23,"column":4},"end":{"line":23,"column":null}}},"fnMap":{"0":{"name":"constructor","decl":{"start":{"line":4,"column":2},"end":{"line":4,"column":14}},"loc":{"start":{"line":4,"column":31},"end":{"line":6,"column":null}},"line":4},"1":{"name":"constructor_2","decl":{"start":{"line":10,"column":2},"end":{"line":10,"column":16}},"loc":{"start":{"line":10,"column":16},"end":{"line":12,"column":null}},"line":10},"2":{"name":"constructor_3","decl":{"start":{"line":16,"column":2},"end":{"line":16,"column":16}},"loc":{"start":{"line":16,"column":16},"end":{"line":18,"column":null}},"line":16},"3":{"name":"constructor_4","decl":{"start":{"line":22,"column":2},"end":{"line":22,"column":16}},"loc":{"start":{"line":22,"column":16},"end":{"line":24,"column":null}},"line":22}},"branchMap":{},"s":{"0":1,"1":2,"2":1,"3":3},"f":{"0":1,"1":2,"2":1,"3":3},"b":{},"meta":{"lastBranch":0,"lastFunction":4,"lastStatement":4,"seen":{"f:4:2:4:14":0,"s:5:4:5:Infinity":0,"f:10:2:10:16":1,"s:11:4:11:Infinity":1,"f:16:2:16:16":2,"s:17:4:17:Infinity":2,"f:22:2:22:16":3,"s:23:4:23:Infinity":3},"fnNames":{}}}
,"C:\\Users\\lfex\\Desktop\\PenniWise\\server\\src\\module\\ai\\ai.orchestrator.ts": {"path":"C:\\Users\\lfex\\Desktop\\PenniWise\\server\\src\\module\\ai\\ai.orchestrator.ts","statementMap":{"0":{"start":{"line":40,"column":21},"end":{"line":40,"column":null}},"1":{"start":{"line":46,"column":4},"end":{"line":46,"column":null}},"2":{"start":{"line":47,"column":4},"end":{"line":47,"column":null}},"3":{"start":{"line":48,"column":4},"end":{"line":48,"column":null}},"4":{"start":{"line":49,"column":4},"end":{"line":49,"column":null}},"5":{"start":{"line":50,"column":4},"end":{"line":50,"column":null}},"6":{"start":{"line":54,"column":20},"end":{"line":54,"column":null}},"7":{"start":{"line":55,"column":21},"end":{"line":55,"column":null}},"8":{"start":{"line":56,"column":21},"end":{"line":56,"column":null}},"9":{"start":{"line":58,"column":4},"end":{"line":61,"column":null}},"10":{"start":{"line":63,"column":4},"end":{"line":71,"column":null}},"11":{"start":{"line":77,"column":20},"end":{"line":77,"column":null}},"12":{"start":{"line":78,"column":21},"end":{"line":78,"column":null}},"13":{"start":{"line":80,"column":4},"end":{"line":84,"column":null}},"14":{"start":{"line":86,"column":4},"end":{"line":92,"column":null}},"15":{"start":{"line":100,"column":20},"end":{"line":100,"column":null}},"16":{"start":{"line":101,"column":4},"end":{"line":104,"column":null}},"17":{"start":{"line":110,"column":19},"end":{"line":110,"column":null}},"18":{"start":{"line":111,"column":4},"end":{"line":121,"column":null}},"19":{"start":{"line":128,"column":20},"end":{"line":128,"column":null}},"20":{"start":{"line":129,"column":18},"end":{"line":135,"column":null}},"21":{"start":{"line":136,"column":4},"end":{"line":136,"column":null}},"22":{"start":{"line":144,"column":4},"end":{"line":144,"column":null}},"23":{"start":{"line":148,"column":26},"end":{"line":148,"column":null}},"24":{"start":{"line":149,"column":4},"end":{"line":151,"column":null}},"25":{"start":{"line":150,"column":6},"end":{"line":150,"column":null}},"26":{"start":{"line":152,"column":4},"end":{"line":152,"column":null}}},"fnMap":{"0":{"name":"constructor","decl":{"start":{"line":39,"column":2},"end":{"line":39,"column":null}},"loc":{"start":{"line":45,"column":4},"end":{"line":51,"column":null}},"line":45},"1":{"name":"respond","decl":{"start":{"line":53,"column":8},"end":{"line":53,"column":16}},"loc":{"start":{"line":53,"column":79},"end":{"line":72,"column":null}},"line":53},"2":{"name":"analyzeIntent","decl":{"start":{"line":74,"column":8},"end":{"line":74,"column":null}},"loc":{"start":{"line":76,"column":39},"end":{"line":93,"column":null}},"line":76},"3":{"name":"executeTool","decl":{"start":{"line":95,"column":8},"end":{"line":95,"column":null}},"loc":{"start":{"line":99,"column":27},"end":{"line":105,"column":null}},"line":99},"4":{"name":"buildMemoryBackedContext","decl":{"start":{"line":107,"column":8},"end":{"line":107,"column":null}},"loc":{"start":{"line":109,"column":35},"end":{"line":122,"column":null}},"line":109},"5":{"name":"prepareConfirmation","decl":{"start":{"line":124,"column":8},"end":{"line":124,"column":null}},"loc":{"start":{"line":127,"column":34},"end":{"line":137,"column":null}},"line":127},"6":{"name":"confirmPendingAction","decl":{"start":{"line":139,"column":8},"end":{"line":139,"column":null}},"loc":{"start":{"line":143,"column":34},"end":{"line":145,"column":null}},"line":143},"7":{"name":"validateContext","decl":{"start":{"line":147,"column":2},"end":{"line":147,"column":10}},"loc":{"start":{"line":147,"column":55},"end":{"line":153,"column":null}},"line":147}},"branchMap":{"0":{"loc":{"start":{"line":41,"column":4},"end":{"line":41,"column":null}},"type":"default-arg","locations":[{"start":{"line":41,"column":35},"end":{"line":41,"column":null}}],"line":41},"1":{"loc":{"start":{"line":42,"column":4},"end":{"line":42,"column":null}},"type":"default-arg","locations":[{"start":{"line":42,"column":37},"end":{"line":42,"column":null}}],"line":42},"2":{"loc":{"start":{"line":43,"column":4},"end":{"line":43,"column":null}},"type":"default-arg","locations":[{"start":{"line":43,"column":41},"end":{"line":43,"column":null}}],"line":43},"3":{"loc":{"start":{"line":44,"column":4},"end":{"line":44,"column":null}},"type":"default-arg","locations":[{"start":{"line":44,"column":40},"end":{"line":44,"column":null}}],"line":44},"4":{"loc":{"start":{"line":66,"column":10},"end":{"line":68,"column":null}},"type":"binary-expr","locations":[{"start":{"line":66,"column":10},"end":{"line":66,"column":50}},{"start":{"line":66,"column":50},"end":{"line":68,"column":null}}],"line":66},"5":{"loc":{"start":{"line":70,"column":10},"end":{"line":70,"column":null}},"type":"binary-expr","locations":[{"start":{"line":70,"column":10},"end":{"line":70,"column":42}},{"start":{"line":70,"column":42},"end":{"line":70,"column":null}}],"line":70},"6":{"loc":{"start":{"line":88,"column":10},"end":{"line":90,"column":null}},"type":"binary-expr","locations":[{"start":{"line":88,"column":10},"end":{"line":88,"column":50}},{"start":{"line":88,"column":50},"end":{"line":90,"column":null}}],"line":88},"7":{"loc":{"start":{"line":113,"column":10},"end":{"line":115,"column":null}},"type":"binary-expr","locations":[{"start":{"line":113,"column":10},"end":{"line":113,"column":48}},{"start":{"line":113,"column":48},"end":{"line":115,"column":null}}],"line":113},"8":{"loc":{"start":{"line":119,"column":16},"end":{"line":119,"column":null}},"type":"binary-expr","locations":[{"start":{"line":119,"column":16},"end":{"line":119,"column":34}},{"start":{"line":119,"column":34},"end":{"line":119,"column":null}}],"line":119},"9":{"loc":{"start":{"line":149,"column":4},"end":{"line":151,"column":null}},"type":"if","locations":[{"start":{"line":149,"column":4},"end":{"line":151,"column":null}},{"start":{},"end":{}}],"line":149}},"s":{"0":5,"1":5,"2":5,"3":5,"4":5,"5":5,"6":5,"7":5,"8":5,"9":1,"10":1,"11":0,"12":0,"13":0,"14":0,"15":0,"16":0,"17":0,"18":0,"19":0,"20":0,"21":0,"22":0,"23":5,"24":5,"25":1,"26":4},"f":{"0":5,"1":5,"2":0,"3":0,"4":0,"5":0,"6":0,"7":5},"b":{"0":[5],"1":[5],"2":[5],"3":[5],"4":[1,1],"5":[5,1],"6":[0,0],"7":[0,0],"8":[0,0],"9":[1,4]},"meta":{"lastBranch":10,"lastFunction":8,"lastStatement":27,"seen":{"f:39:2:39:Infinity":0,"b:41:35:41:Infinity":0,"b:42:37:42:Infinity":1,"b:43:41:43:Infinity":2,"b:44:40:44:Infinity":3,"s:40:21:40:Infinity":0,"s:46:4:46:Infinity":1,"s:47:4:47:Infinity":2,"s:48:4:48:Infinity":3,"s:49:4:49:Infinity":4,"s:50:4:50:Infinity":5,"f:53:8:53:16":1,"s:54:20:54:Infinity":6,"s:55:21:55:Infinity":7,"s:56:21:56:Infinity":8,"s:58:4:61:Infinity":9,"s:63:4:71:Infinity":10,"b:66:10:66:50:66:50:68:Infinity":4,"b:70:10:70:42:70:42:70:Infinity":5,"f:74:8:74:Infinity":2,"s:77:20:77:Infinity":11,"s:78:21:78:Infinity":12,"s:80:4:84:Infinity":13,"s:86:4:92:Infinity":14,"b:88:10:88:50:88:50:90:Infinity":6,"f:95:8:95:Infinity":3,"s:100:20:100:Infinity":15,"s:101:4:104:Infinity":16,"f:107:8:107:Infinity":4,"s:110:19:110:Infinity":17,"s:111:4:121:Infinity":18,"b:113:10:113:48:113:48:115:Infinity":7,"b:119:16:119:34:119:34:119:Infinity":8,"f:124:8:124:Infinity":5,"s:128:20:128:Infinity":19,"s:129:18:135:Infinity":20,"s:136:4:136:Infinity":21,"f:139:8:139:Infinity":6,"s:144:4:144:Infinity":22,"f:147:2:147:10":7,"s:148:26:148:Infinity":23,"b:149:4:151:Infinity:undefined:undefined:undefined:undefined":9,"s:149:4:151:Infinity":24,"s:150:6:150:Infinity":25,"s:152:4:152:Infinity":26},"fnNames":{}}}
,"C:\\Users\\lfex\\Desktop\\PenniWise\\server\\src\\module\\ai\\ai.provider.ts": {"path":"C:\\Users\\lfex\\Desktop\\PenniWise\\server\\src\\module\\ai\\ai.provider.ts","statementMap":{"0":{"start":{"line":7,"column":2},"end":{"line":11,"column":null}},"1":{"start":{"line":8,"column":4},"end":{"line":10,"column":null}},"2":{"start":{"line":13,"column":2},"end":{"line":13,"column":null}}},"fnMap":{"0":{"name":"createAiProvider","decl":{"start":{"line":6,"column":16},"end":{"line":6,"column":47}},"loc":{"start":{"line":6,"column":47},"end":{"line":14,"column":null}},"line":6}},"branchMap":{"0":{"loc":{"start":{"line":7,"column":2},"end":{"line":11,"column":null}},"type":"if","locations":[{"start":{"line":7,"column":2},"end":{"line":11,"column":null}},{"start":{},"end":{}}],"line":7}},"s":{"0":0,"1":0,"2":0},"f":{"0":0},"b":{"0":[0,0]},"meta":{"lastBranch":1,"lastFunction":1,"lastStatement":3,"seen":{"f:6:16:6:47":0,"b:7:2:11:Infinity:undefined:undefined:undefined:undefined":0,"s:7:2:11:Infinity":0,"s:8:4:10:Infinity":1,"s:13:2:13:Infinity":2},"fnNames":{}}}
,"C:\\Users\\lfex\\Desktop\\PenniWise\\server\\src\\module\\ai\\ai.result.ts": {"path":"C:\\Users\\lfex\\Desktop\\PenniWise\\server\\src\\module\\ai\\ai.result.ts","statementMap":{"0":{"start":{"line":3,"column":28},"end":{"line":8,"column":null}},"1":{"start":{"line":10,"column":30},"end":{"line":19,"column":null}},"2":{"start":{"line":25,"column":62},"end":{"line":55,"column":null}}},"fnMap":{},"branchMap":{},"s":{"0":4,"1":4,"2":4},"f":{},"b":{},"meta":{"lastBranch":0,"lastFunction":0,"lastStatement":3,"seen":{"s:3:28:8:Infinity":0,"s:10:30:19:Infinity":1,"s:25:62:55:Infinity":2},"fnNames":{}}}
,"C:\\Users\\lfex\\Desktop\\PenniWise\\server\\src\\module\\ai\\ai.service.ts": {"path":"C:\\Users\\lfex\\Desktop\\PenniWise\\server\\src\\module\\ai\\ai.service.ts","statementMap":{"0":{"start":{"line":20,"column":31},"end":{"line":20,"column":53}},"1":{"start":{"line":25,"column":4},"end":{"line":29,"column":null}},"2":{"start":{"line":36,"column":21},"end":{"line":44,"column":null}},"3":{"start":{"line":46,"column":4},"end":{"line":49,"column":null}},"4":{"start":{"line":47,"column":6},"end":{"line":47,"column":null}},"5":{"start":{"line":48,"column":6},"end":{"line":48,"column":null}},"6":{"start":{"line":51,"column":4},"end":{"line":60,"column":null}},"7":{"start":{"line":52,"column":21},"end":{"line":52,"column":null}},"8":{"start":{"line":53,"column":6},"end":{"line":56,"column":null}},"9":{"start":{"line":58,"column":6},"end":{"line":58,"column":null}},"10":{"start":{"line":59,"column":6},"end":{"line":59,"column":null}}},"fnMap":{"0":{"name":"constructor","decl":{"start":{"line":20,"column":2},"end":{"line":20,"column":14}},"loc":{"start":{"line":20,"column":53},"end":{"line":20,"column":null}},"line":20},"1":{"name":"generateStructuredResponse","decl":{"start":{"line":22,"column":8},"end":{"line":22,"column":null}},"loc":{"start":{"line":24,"column":32},"end":{"line":30,"column":null}},"line":24},"2":{"name":"generateStructured","decl":{"start":{"line":32,"column":8},"end":{"line":32,"column":null}},"loc":{"start":{"line":35,"column":45},"end":{"line":61,"column":null}},"line":35}},"branchMap":{"0":{"loc":{"start":{"line":46,"column":4},"end":{"line":49,"column":null}},"type":"if","locations":[{"start":{"line":46,"column":4},"end":{"line":49,"column":null}},{"start":{},"end":{}}],"line":46},"1":{"loc":{"start":{"line":55,"column":12},"end":{"line":55,"column":null}},"type":"binary-expr","locations":[{"start":{"line":55,"column":12},"end":{"line":55,"column":44}},{"start":{"line":55,"column":44},"end":{"line":55,"column":null}}],"line":55}},"s":{"0":16,"1":4,"2":15,"3":14,"4":0,"5":0,"6":14,"7":14,"8":14,"9":3,"10":3},"f":{"0":16,"1":4,"2":15},"b":{"0":[0,14],"1":[14,1]},"meta":{"lastBranch":2,"lastFunction":3,"lastStatement":11,"seen":{"f:20:2:20:14":0,"s:20:31:20:53":0,"f:22:8:22:Infinity":1,"s:25:4:29:Infinity":1,"f:32:8:32:Infinity":2,"s:36:21:44:Infinity":2,"b:46:4:49:Infinity:undefined:undefined:undefined:undefined":0,"s:46:4:49:Infinity":3,"s:47:6:47:Infinity":4,"s:48:6:48:Infinity":5,"s:51:4:60:Infinity":6,"s:52:21:52:Infinity":7,"s:53:6:56:Infinity":8,"b:55:12:55:44:55:44:55:Infinity":1,"s:58:6:58:Infinity":9,"s:59:6:59:Infinity":10},"fnNames":{}}}
,"C:\\Users\\lfex\\Desktop\\PenniWise\\server\\src\\module\\ai\\ai.types.ts": {"path":"C:\\Users\\lfex\\Desktop\\PenniWise\\server\\src\\module\\ai\\ai.types.ts","statementMap":{},"fnMap":{},"branchMap":{},"s":{},"f":{},"b":{},"meta":{"lastBranch":0,"lastFunction":0,"lastStatement":0,"seen":{},"fnNames":{}}}
,"C:\\Users\\lfex\\Desktop\\PenniWise\\server\\src\\module\\ai\\openai-compatible.provider.ts": {"path":"C:\\Users\\lfex\\Desktop\\PenniWise\\server\\src\\module\\ai\\openai-compatible.provider.ts","statementMap":{"0":{"start":{"line":38,"column":21},"end":{"line":38,"column":null}},"1":{"start":{"line":39,"column":21},"end":{"line":39,"column":64}},"2":{"start":{"line":41,"column":4},"end":{"line":43,"column":null}},"3":{"start":{"line":42,"column":6},"end":{"line":42,"column":null}},"4":{"start":{"line":49,"column":4},"end":{"line":49,"column":null}},"5":{"start":{"line":51,"column":23},"end":{"line":51,"column":null}},"6":{"start":{"line":52,"column":20},"end":{"line":55,"column":null}},"7":{"start":{"line":53,"column":12},"end":{"line":53,"column":null}},"8":{"start":{"line":57,"column":4},"end":{"line":98,"column":null}},"9":{"start":{"line":58,"column":23},"end":{"line":69,"column":null}},"10":{"start":{"line":71,"column":6},"end":{"line":78,"column":null}},"11":{"start":{"line":72,"column":8},"end":{"line":76,"column":null}},"12":{"start":{"line":77,"column":8},"end":{"line":77,"column":null}},"13":{"start":{"line":80,"column":20},"end":{"line":80,"column":null}},"14":{"start":{"line":81,"column":6},"end":{"line":81,"column":null}},"15":{"start":{"line":83,"column":6},"end":{"line":83,"column":null}},"16":{"start":{"line":83,"column":44},"end":{"line":83,"column":null}},"17":{"start":{"line":84,"column":6},"end":{"line":90,"column":null}},"18":{"start":{"line":85,"column":8},"end":{"line":88,"column":null}},"19":{"start":{"line":89,"column":8},"end":{"line":89,"column":null}},"20":{"start":{"line":91,"column":6},"end":{"line":94,"column":null}},"21":{"start":{"line":95,"column":6},"end":{"line":95,"column":null}},"22":{"start":{"line":97,"column":6},"end":{"line":97,"column":null}},"23":{"start":{"line":102,"column":4},"end":{"line":104,"column":null}},"24":{"start":{"line":103,"column":6},"end":{"line":103,"column":null}},"25":{"start":{"line":105,"column":4},"end":{"line":112,"column":null}},"26":{"start":{"line":111,"column":6},"end":{"line":111,"column":null}},"27":{"start":{"line":116,"column":4},"end":{"line":141,"column":null}},"28":{"start":{"line":118,"column":51},"end":{"line":124,"column":8}},"29":{"start":{"line":129,"column":44},"end":{"line":129,"column":81}},"30":{"start":{"line":145,"column":19},"end":{"line":145,"column":null}},"31":{"start":{"line":146,"column":4},"end":{"line":151,"column":null}},"32":{"start":{"line":147,"column":6},"end":{"line":149,"column":null}},"33":{"start":{"line":150,"column":6},"end":{"line":150,"column":null}},"34":{"start":{"line":153,"column":4},"end":{"line":181,"column":null}},"35":{"start":{"line":158,"column":8},"end":{"line":160,"column":null}},"36":{"start":{"line":159,"column":10},"end":{"line":159,"column":null}},"37":{"start":{"line":161,"column":8},"end":{"line":165,"column":null}},"38":{"start":{"line":185,"column":4},"end":{"line":185,"column":null}}},"fnMap":{"0":{"name":"constructor","decl":{"start":{"line":37,"column":2},"end":{"line":37,"column":null}},"loc":{"start":{"line":40,"column":4},"end":{"line":44,"column":null}},"line":40},"1":{"name":"complete","decl":{"start":{"line":46,"column":8},"end":{"line":46,"column":null}},"loc":{"start":{"line":48,"column":35},"end":{"line":99,"column":null}},"line":48},"2":{"name":"(anonymous_2)","decl":{"start":{"line":52,"column":20},"end":{"line":52,"column":null}},"loc":{"start":{"line":53,"column":12},"end":{"line":53,"column":null}},"line":53},"3":{"name":"validateRequest","decl":{"start":{"line":101,"column":2},"end":{"line":101,"column":10}},"loc":{"start":{"line":101,"column":62},"end":{"line":113,"column":null}},"line":101},"4":{"name":"toProviderRequest","decl":{"start":{"line":115,"column":2},"end":{"line":115,"column":10}},"loc":{"start":{"line":115,"column":83},"end":{"line":142,"column":null}},"line":115},"5":{"name":"(anonymous_5)","decl":{"start":{"line":118,"column":33},"end":{"line":118,"column":38}},"loc":{"start":{"line":118,"column":51},"end":{"line":124,"column":8}},"line":118},"6":{"name":"(anonymous_6)","decl":{"start":{"line":129,"column":29},"end":{"line":129,"column":34}},"loc":{"start":{"line":129,"column":44},"end":{"line":129,"column":81}},"line":129},"7":{"name":"toCompletionResponse","decl":{"start":{"line":144,"column":2},"end":{"line":144,"column":10}},"loc":{"start":{"line":144,"column":86},"end":{"line":182,"column":null}},"line":144},"8":{"name":"(anonymous_8)","decl":{"start":{"line":157,"column":51},"end":{"line":157,"column":60}},"loc":{"start":{"line":157,"column":73},"end":{"line":166,"column":7}},"line":157},"9":{"name":"isAbortError","decl":{"start":{"line":184,"column":2},"end":{"line":184,"column":10}},"loc":{"start":{"line":184,"column":48},"end":{"line":186,"column":null}},"line":184}},"branchMap":{"0":{"loc":{"start":{"line":39,"column":4},"end":{"line":39,"column":null}},"type":"default-arg","locations":[{"start":{"line":39,"column":64},"end":{"line":39,"column":null}}],"line":39},"1":{"loc":{"start":{"line":41,"column":4},"end":{"line":43,"column":null}},"type":"if","locations":[{"start":{"line":41,"column":4},"end":{"line":43,"column":null}},{"start":{},"end":{}}],"line":41},"2":{"loc":{"start":{"line":71,"column":6},"end":{"line":78,"column":null}},"type":"if","locations":[{"start":{"line":71,"column":6},"end":{"line":78,"column":null}},{"start":{},"end":{}}],"line":71},"3":{"loc":{"start":{"line":75,"column":17},"end":{"line":75,"column":null}},"type":"binary-expr","locations":[{"start":{"line":75,"column":17},"end":{"line":75,"column":34}},{"start":{"line":75,"column":34},"end":{"line":75,"column":null}}],"line":75},"4":{"loc":{"start":{"line":83,"column":6},"end":{"line":83,"column":null}},"type":"if","locations":[{"start":{"line":83,"column":6},"end":{"line":83,"column":null}},{"start":{},"end":{}}],"line":83},"5":{"loc":{"start":{"line":84,"column":6},"end":{"line":90,"column":null}},"type":"if","locations":[{"start":{"line":84,"column":6},"end":{"line":90,"column":null}},{"start":{},"end":{}}],"line":84},"6":{"loc":{"start":{"line":87,"column":17},"end":{"line":87,"column":null}},"type":"binary-expr","locations":[{"start":{"line":87,"column":17},"end":{"line":87,"column":34}},{"start":{"line":87,"column":34},"end":{"line":87,"column":null}}],"line":87},"7":{"loc":{"start":{"line":93,"column":15},"end":{"line":93,"column":null}},"type":"binary-expr","locations":[{"start":{"line":93,"column":15},"end":{"line":93,"column":32}},{"start":{"line":93,"column":32},"end":{"line":93,"column":null}}],"line":93},"8":{"loc":{"start":{"line":102,"column":4},"end":{"line":104,"column":null}},"type":"if","locations":[{"start":{"line":102,"column":4},"end":{"line":104,"column":null}},{"start":{},"end":{}}],"line":102},"9":{"loc":{"start":{"line":105,"column":4},"end":{"line":112,"column":null}},"type":"if","locations":[{"start":{"line":105,"column":4},"end":{"line":112,"column":null}},{"start":{},"end":{}}],"line":105},"10":{"loc":{"start":{"line":106,"column":6},"end":{"line":109,"column":null}},"type":"binary-expr","locations":[{"start":{"line":106,"column":6},"end":{"line":106,"column":null}},{"start":{"line":107,"column":7},"end":{"line":107,"column":null}},{"start":{"line":108,"column":8},"end":{"line":108,"column":null}},{"start":{"line":109,"column":8},"end":{"line":109,"column":null}}],"line":106},"11":{"loc":{"start":{"line":117,"column":13},"end":{"line":117,"column":null}},"type":"binary-expr","locations":[{"start":{"line":117,"column":13},"end":{"line":117,"column":30}},{"start":{"line":117,"column":30},"end":{"line":117,"column":null}}],"line":117},"12":{"loc":{"start":{"line":121,"column":12},"end":{"line":123,"column":null}},"type":"binary-expr","locations":[{"start":{"line":121,"column":12},"end":{"line":121,"column":48}},{"start":{"line":121,"column":48},"end":{"line":123,"column":null}}],"line":121},"13":{"loc":{"start":{"line":125,"column":10},"end":{"line":127,"column":null}},"type":"binary-expr","locations":[{"start":{"line":125,"column":10},"end":{"line":125,"column":47}},{"start":{"line":125,"column":47},"end":{"line":127,"column":null}}],"line":125},"14":{"loc":{"start":{"line":128,"column":10},"end":{"line":130,"column":null}},"type":"binary-expr","locations":[{"start":{"line":128,"column":10},"end":{"line":128,"column":41}},{"start":{"line":128,"column":41},"end":{"line":130,"column":null}}],"line":128},"15":{"loc":{"start":{"line":131,"column":10},"end":{"line":140,"column":null}},"type":"binary-expr","locations":[{"start":{"line":131,"column":10},"end":{"line":131,"column":52}},{"start":{"line":131,"column":52},"end":{"line":140,"column":null}}],"line":131},"16":{"loc":{"start":{"line":137,"column":20},"end":{"line":137,"column":null}},"type":"binary-expr","locations":[{"start":{"line":137,"column":20},"end":{"line":137,"column":55}},{"start":{"line":137,"column":55},"end":{"line":137,"column":null}}],"line":137},"17":{"loc":{"start":{"line":146,"column":4},"end":{"line":151,"column":null}},"type":"if","locations":[{"start":{"line":146,"column":4},"end":{"line":151,"column":null}},{"start":{},"end":{}}],"line":146},"18":{"loc":{"start":{"line":146,"column":8},"end":{"line":146,"column":53}},"type":"binary-expr","locations":[{"start":{"line":146,"column":8},"end":{"line":146,"column":20}},{"start":{"line":146,"column":20},"end":{"line":146,"column":35}},{"start":{"line":146,"column":35},"end":{"line":146,"column":53}}],"line":146},"19":{"loc":{"start":{"line":156,"column":15},"end":{"line":156,"column":null}},"type":"binary-expr","locations":[{"start":{"line":156,"column":15},"end":{"line":156,"column":41}},{"start":{"line":156,"column":41},"end":{"line":156,"column":null}}],"line":156},"20":{"loc":{"start":{"line":157,"column":18},"end":{"line":157,"column":49}},"type":"binary-expr","locations":[{"start":{"line":157,"column":18},"end":{"line":157,"column":47}},{"start":{"line":157,"column":47},"end":{"line":157,"column":49}}],"line":157},"21":{"loc":{"start":{"line":158,"column":8},"end":{"line":160,"column":null}},"type":"if","locations":[{"start":{"line":158,"column":8},"end":{"line":160,"column":null}},{"start":{},"end":{}}],"line":158},"22":{"loc":{"start":{"line":158,"column":12},"end":{"line":158,"column":86}},"type":"binary-expr","locations":[{"start":{"line":158,"column":12},"end":{"line":158,"column":28}},{"start":{"line":158,"column":28},"end":{"line":158,"column":56}},{"start":{"line":158,"column":56},"end":{"line":158,"column":86}}],"line":158},"23":{"loc":{"start":{"line":167,"column":20},"end":{"line":167,"column":null}},"type":"binary-expr","locations":[{"start":{"line":167,"column":20},"end":{"line":167,"column":44}},{"start":{"line":167,"column":44},"end":{"line":167,"column":null}}],"line":167},"24":{"loc":{"start":{"line":168,"column":10},"end":{"line":180,"column":null}},"type":"binary-expr","locations":[{"start":{"line":168,"column":10},"end":{"line":168,"column":38}},{"start":{"line":168,"column":38},"end":{"line":180,"column":null}}],"line":168},"25":{"loc":{"start":{"line":170,"column":14},"end":{"line":172,"column":null}},"type":"binary-expr","locations":[{"start":{"line":170,"column":14},"end":{"line":170,"column":56}},{"start":{"line":170,"column":56},"end":{"line":172,"column":null}}],"line":170},"26":{"loc":{"start":{"line":173,"column":14},"end":{"line":175,"column":null}},"type":"binary-expr","locations":[{"start":{"line":173,"column":14},"end":{"line":173,"column":60}},{"start":{"line":173,"column":60},"end":{"line":175,"column":null}}],"line":173},"27":{"loc":{"start":{"line":176,"column":14},"end":{"line":178,"column":null}},"type":"binary-expr","locations":[{"start":{"line":176,"column":14},"end":{"line":176,"column":55}},{"start":{"line":176,"column":55},"end":{"line":178,"column":null}}],"line":176},"28":{"loc":{"start":{"line":185,"column":11},"end":{"line":185,"column":null}},"type":"binary-expr","locations":[{"start":{"line":185,"column":11},"end":{"line":185,"column":37}},{"start":{"line":185,"column":37},"end":{"line":185,"column":null}}],"line":185}},"s":{"0":4,"1":4,"2":4,"3":1,"4":3,"5":3,"6":3,"7":0,"8":3,"9":3,"10":2,"11":1,"12":1,"13":1,"14":1,"15":2,"16":1,"17":1,"18":1,"19":1,"20":0,"21":2,"22":3,"23":3,"24":0,"25":3,"26":0,"27":3,"28":5,"29":1,"30":1,"31":1,"32":0,"33":0,"34":1,"35":1,"36":0,"37":1,"38":1},"f":{"0":4,"1":3,"2":0,"3":3,"4":3,"5":5,"6":1,"7":1,"8":1,"9":1},"b":{"0":[4],"1":[1,3],"2":[1,1],"3":[1,1],"4":[1,1],"5":[1,0],"6":[1,1],"7":[0,0],"8":[0,3],"9":[0,3],"10":[3,1,1,1],"11":[3,3],"12":[5,0],"13":[3,1],"14":[3,1],"15":[3,1],"16":[1,1],"17":[0,1],"18":[1,1,1],"19":[1,1],"20":[1,0],"21":[0,1],"22":[1,1,1],"23":[1,0],"24":[1,1],"25":[1,1],"26":[1,1],"27":[1,1],"28":[1,1]},"meta":{"lastBranch":29,"lastFunction":10,"lastStatement":39,"seen":{"f:37:2:37:Infinity":0,"b:39:64:39:Infinity":0,"s:38:21:38:Infinity":0,"s:39:21:39:64":1,"b:41:4:43:Infinity:undefined:undefined:undefined:undefined":1,"s:41:4:43:Infinity":2,"s:42:6:42:Infinity":3,"f:46:8:46:Infinity":1,"s:49:4:49:Infinity":4,"s:51:23:51:Infinity":5,"s:52:20:55:Infinity":6,"f:52:20:52:Infinity":2,"s:53:12:53:Infinity":7,"s:57:4:98:Infinity":8,"s:58:23:69:Infinity":9,"b:71:6:78:Infinity:undefined:undefined:undefined:undefined":2,"s:71:6:78:Infinity":10,"s:72:8:76:Infinity":11,"b:75:17:75:34:75:34:75:Infinity":3,"s:77:8:77:Infinity":12,"s:80:20:80:Infinity":13,"s:81:6:81:Infinity":14,"b:83:6:83:Infinity:undefined:undefined:undefined:undefined":4,"s:83:6:83:Infinity":15,"s:83:44:83:Infinity":16,"b:84:6:90:Infinity:undefined:undefined:undefined:undefined":5,"s:84:6:90:Infinity":17,"s:85:8:88:Infinity":18,"b:87:17:87:34:87:34:87:Infinity":6,"s:89:8:89:Infinity":19,"s:91:6:94:Infinity":20,"b:93:15:93:32:93:32:93:Infinity":7,"s:95:6:95:Infinity":21,"s:97:6:97:Infinity":22,"f:101:2:101:10":3,"b:102:4:104:Infinity:undefined:undefined:undefined:undefined":8,"s:102:4:104:Infinity":23,"s:103:6:103:Infinity":24,"b:105:4:112:Infinity:undefined:undefined:undefined:undefined":9,"s:105:4:112:Infinity":25,"b:106:6:106:Infinity:107:7:107:Infinity:108:8:108:Infinity:109:8:109:Infinity":10,"s:111:6:111:Infinity":26,"f:115:2:115:10":4,"s:116:4:141:Infinity":27,"b:117:13:117:30:117:30:117:Infinity":11,"f:118:33:118:38":5,"s:118:51:124:8":28,"b:121:12:121:48:121:48:123:Infinity":12,"b:125:10:125:47:125:47:127:Infinity":13,"b:128:10:128:41:128:41:130:Infinity":14,"f:129:29:129:34":6,"s:129:44:129:81":29,"b:131:10:131:52:131:52:140:Infinity":15,"b:137:20:137:55:137:55:137:Infinity":16,"f:144:2:144:10":7,"s:145:19:145:Infinity":30,"b:146:4:151:Infinity:undefined:undefined:undefined:undefined":17,"s:146:4:151:Infinity":31,"b:146:8:146:20:146:20:146:35:146:35:146:53":18,"s:147:6:149:Infinity":32,"s:150:6:150:Infinity":33,"s:153:4:181:Infinity":34,"b:156:15:156:41:156:41:156:Infinity":19,"b:157:18:157:47:157:47:157:49":20,"f:157:51:157:60":8,"b:158:8:160:Infinity:undefined:undefined:undefined:undefined":21,"s:158:8:160:Infinity":35,"b:158:12:158:28:158:28:158:56:158:56:158:86":22,"s:159:10:159:Infinity":36,"s:161:8:165:Infinity":37,"b:167:20:167:44:167:44:167:Infinity":23,"b:168:10:168:38:168:38:180:Infinity":24,"b:170:14:170:56:170:56:172:Infinity":25,"b:173:14:173:60:173:60:175:Infinity":26,"b:176:14:176:55:176:55:178:Infinity":27,"f:184:2:184:10":9,"s:185:4:185:Infinity":38,"b:185:11:185:37:185:37:185:Infinity":28},"fnNames":{}}}
,"C:\\Users\\lfex\\Desktop\\PenniWise\\server\\src\\module\\ai\\prompt-manager.ts": {"path":"C:\\Users\\lfex\\Desktop\\PenniWise\\server\\src\\module\\ai\\prompt-manager.ts","statementMap":{"0":{"start":{"line":4,"column":33},"end":{"line":10,"column":null}},"1":{"start":{"line":12,"column":38},"end":{"line":17,"column":null}},"2":{"start":{"line":19,"column":30},"end":{"line":23,"column":null}},"3":{"start":{"line":25,"column":37},"end":{"line":28,"column":null}},"4":{"start":{"line":30,"column":56},"end":{"line":45,"column":null}},"5":{"start":{"line":48,"column":25},"end":{"line":53,"column":null}},"6":{"start":{"line":55,"column":2},"end":{"line":58,"column":null}},"7":{"start":{"line":61,"column":29},"end":{"line":109,"column":null}},"8":{"start":{"line":63,"column":4},"end":{"line":67,"column":null}},"9":{"start":{"line":71,"column":4},"end":{"line":75,"column":null}},"10":{"start":{"line":79,"column":4},"end":{"line":84,"column":null}},"11":{"start":{"line":91,"column":21},"end":{"line":94,"column":null}},"12":{"start":{"line":95,"column":29},"end":{"line":95,"column":null}},"13":{"start":{"line":97,"column":4},"end":{"line":97,"column":null}},"14":{"start":{"line":97,"column":27},"end":{"line":97,"column":null}},"15":{"start":{"line":99,"column":4},"end":{"line":106,"column":null}},"16":{"start":{"line":107,"column":4},"end":{"line":107,"column":null}}},"fnMap":{"0":{"name":"formatContext","decl":{"start":{"line":47,"column":9},"end":{"line":47,"column":23}},"loc":{"start":{"line":47,"column":64},"end":{"line":59,"column":null}},"line":47},"1":{"name":"buildSystemInstructions","decl":{"start":{"line":62,"column":2},"end":{"line":62,"column":36}},"loc":{"start":{"line":62,"column":36},"end":{"line":68,"column":null}},"line":62},"2":{"name":"buildDeveloperInstructions","decl":{"start":{"line":70,"column":2},"end":{"line":70,"column":29}},"loc":{"start":{"line":70,"column":70},"end":{"line":76,"column":null}},"line":70},"3":{"name":"buildMessages","decl":{"start":{"line":78,"column":2},"end":{"line":78,"column":16}},"loc":{"start":{"line":78,"column":62},"end":{"line":85,"column":null}},"line":78},"4":{"name":"buildIntentMessages","decl":{"start":{"line":87,"column":2},"end":{"line":87,"column":null}},"loc":{"start":{"line":90,"column":17},"end":{"line":108,"column":null}},"line":90}},"branchMap":{"0":{"loc":{"start":{"line":97,"column":4},"end":{"line":97,"column":null}},"type":"if","locations":[{"start":{"line":97,"column":4},"end":{"line":97,"column":null}},{"start":{},"end":{}}],"line":97}},"s":{"0":5,"1":5,"2":5,"3":5,"4":5,"5":20,"6":20,"7":5,"8":17,"9":20,"10":16,"11":11,"12":11,"13":11,"14":0,"15":11,"16":11},"f":{"0":20,"1":17,"2":20,"3":16,"4":11},"b":{"0":[0,11]},"meta":{"lastBranch":1,"lastFunction":5,"lastStatement":17,"seen":{"s:4:33:10:Infinity":0,"s:12:38:17:Infinity":1,"s:19:30:23:Infinity":2,"s:25:37:28:Infinity":3,"s:30:56:45:Infinity":4,"f:47:9:47:23":0,"s:48:25:53:Infinity":5,"s:55:2:58:Infinity":6,"s:61:29:109:Infinity":7,"f:62:2:62:36":1,"s:63:4:67:Infinity":8,"f:70:2:70:29":2,"s:71:4:75:Infinity":9,"f:78:2:78:16":3,"s:79:4:84:Infinity":10,"f:87:2:87:Infinity":4,"s:91:21:94:Infinity":11,"s:95:29:95:Infinity":12,"b:97:4:97:Infinity:undefined:undefined:undefined:undefined":0,"s:97:4:97:Infinity":13,"s:97:27:97:Infinity":14,"s:99:4:106:Infinity":15,"s:107:4:107:Infinity":16},"fnNames":{}}}
,"C:\\Users\\lfex\\Desktop\\PenniWise\\server\\src\\module\\ai\\entities\\entity-extractor.ts": {"path":"C:\\Users\\lfex\\Desktop\\PenniWise\\server\\src\\module\\ai\\entities\\entity-extractor.ts","statementMap":{"0":{"start":{"line":21,"column":2},"end":{"line":21,"column":null}},"1":{"start":{"line":24,"column":31},"end":{"line":53,"column":null}},"2":{"start":{"line":26,"column":21},"end":{"line":26,"column":null}},"3":{"start":{"line":27,"column":19},"end":{"line":27,"column":null}},"4":{"start":{"line":28,"column":28},"end":{"line":30,"column":null}},"5":{"start":{"line":29,"column":18},"end":{"line":29,"column":null}},"6":{"start":{"line":32,"column":6},"end":{"line":33,"column":null}},"7":{"start":{"line":34,"column":28},"end":{"line":36,"column":null}},"8":{"start":{"line":38,"column":4},"end":{"line":51,"column":null}}},"fnMap":{"0":{"name":"hasEntity","decl":{"start":{"line":17,"column":9},"end":{"line":17,"column":null}},"loc":{"start":{"line":20,"column":11},"end":{"line":22,"column":null}},"line":20},"1":{"name":"normalize","decl":{"start":{"line":25,"column":2},"end":{"line":25,"column":12}},"loc":{"start":{"line":25,"column":42},"end":{"line":52,"column":null}},"line":25},"2":{"name":"(anonymous_2)","decl":{"start":{"line":28,"column":52},"end":{"line":28,"column":null}},"loc":{"start":{"line":29,"column":18},"end":{"line":29,"column":null}},"line":29}},"branchMap":{"0":{"loc":{"start":{"line":32,"column":6},"end":{"line":33,"column":null}},"type":"binary-expr","locations":[{"start":{"line":32,"column":6},"end":{"line":32,"column":null}},{"start":{"line":33,"column":6},"end":{"line":33,"column":null}}],"line":32},"1":{"loc":{"start":{"line":34,"column":28},"end":{"line":36,"column":null}},"type":"cond-expr","locations":[{"start":{"line":35,"column":8},"end":{"line":35,"column":null}},{"start":{"line":36,"column":8},"end":{"line":36,"column":null}}],"line":34},"2":{"loc":{"start":{"line":40,"column":8},"end":{"line":42,"column":null}},"type":"cond-expr","locations":[{"start":{"line":41,"column":12},"end":{"line":41,"column":null}},{"start":{"line":42,"column":12},"end":{"line":42,"column":null}}],"line":40},"3":{"loc":{"start":{"line":40,"column":8},"end":{"line":40,"column":null}},"type":"binary-expr","locations":[{"start":{"line":40,"column":8},"end":{"line":40,"column":33}},{"start":{"line":40,"column":33},"end":{"line":40,"column":null}}],"line":40}},"s":{"0":14,"1":4,"2":10,"3":10,"4":10,"5":14,"6":10,"7":10,"8":10},"f":{"0":14,"1":10,"2":14},"b":{"0":[10,9],"1":[3,7],"2":[2,8],"3":[10,3]},"meta":{"lastBranch":4,"lastFunction":3,"lastStatement":9,"seen":{"f:17:9:17:Infinity":0,"s:21:2:21:Infinity":0,"s:24:31:53:Infinity":1,"f:25:2:25:12":1,"s:26:21:26:Infinity":2,"s:27:19:27:Infinity":3,"s:28:28:30:Infinity":4,"f:28:52:28:Infinity":2,"s:29:18:29:Infinity":5,"s:32:6:33:Infinity":6,"b:32:6:32:Infinity:33:6:33:Infinity":0,"s:34:28:36:Infinity":7,"b:35:8:35:Infinity:36:8:36:Infinity":1,"s:38:4:51:Infinity":8,"b:41:12:41:Infinity:42:12:42:Infinity":2,"b:40:8:40:33:40:33:40:Infinity":3},"fnNames":{}}}
,"C:\\Users\\lfex\\Desktop\\PenniWise\\server\\src\\module\\ai\\guardrails\\confirmation.repository.ts": {"path":"C:\\Users\\lfex\\Desktop\\PenniWise\\server\\src\\module\\ai\\guardrails\\confirmation.repository.ts","statementMap":{"0":{"start":{"line":27,"column":62},"end":{"line":58,"column":null}},"1":{"start":{"line":29,"column":4},"end":{"line":29,"column":null}},"2":{"start":{"line":33,"column":4},"end":{"line":33,"column":null}},"3":{"start":{"line":37,"column":19},"end":{"line":40,"column":null}},"4":{"start":{"line":41,"column":4},"end":{"line":41,"column":null}},"5":{"start":{"line":45,"column":19},"end":{"line":48,"column":null}},"6":{"start":{"line":49,"column":4},"end":{"line":49,"column":null}},"7":{"start":{"line":53,"column":4},"end":{"line":56,"column":null}}},"fnMap":{"0":{"name":"create","decl":{"start":{"line":28,"column":2},"end":{"line":28,"column":9}},"loc":{"start":{"line":28,"column":15},"end":{"line":30,"column":null}},"line":28},"1":{"name":"findById","decl":{"start":{"line":32,"column":2},"end":{"line":32,"column":11}},"loc":{"start":{"line":32,"column":15},"end":{"line":34,"column":null}},"line":32},"2":{"name":"confirmIfPending","decl":{"start":{"line":36,"column":8},"end":{"line":36,"column":25}},"loc":{"start":{"line":36,"column":42},"end":{"line":42,"column":null}},"line":36},"3":{"name":"cancelIfPending","decl":{"start":{"line":44,"column":8},"end":{"line":44,"column":24}},"loc":{"start":{"line":44,"column":36},"end":{"line":50,"column":null}},"line":44},"4":{"name":"expireIfPending","decl":{"start":{"line":52,"column":8},"end":{"line":52,"column":24}},"loc":{"start":{"line":52,"column":33},"end":{"line":57,"column":null}},"line":52}},"branchMap":{},"s":{"0":4,"1":0,"2":0,"3":0,"4":0,"5":0,"6":0,"7":0},"f":{"0":0,"1":0,"2":0,"3":0,"4":0},"b":{},"meta":{"lastBranch":0,"lastFunction":5,"lastStatement":8,"seen":{"s:27:62:58:Infinity":0,"f:28:2:28:9":0,"s:29:4:29:Infinity":1,"f:32:2:32:11":1,"s:33:4:33:Infinity":2,"f:36:8:36:25":2,"s:37:19:40:Infinity":3,"s:41:4:41:Infinity":4,"f:44:8:44:24":3,"s:45:19:48:Infinity":5,"s:49:4:49:Infinity":6,"f:52:8:52:24":4,"s:53:4:56:Infinity":7},"fnNames":{}}}
[...]
sapp\\whatsapp.service.ts": {"path":"C:\\Users\\lfex\\Desktop\\PenniWise\\server\\src\\module\\whatsapp\\whatsapp.service.ts","statementMap":{"0":{"start":{"line":13,"column":13},"end":{"line":18,"column":null}},"1":{"start":{"line":17,"column":2},"end":{"line":17,"column":null}},"2":{"start":{"line":20,"column":13},"end":{"line":45,"column":null}},"3":{"start":{"line":24,"column":2},"end":{"line":26,"column":null}},"4":{"start":{"line":25,"column":4},"end":{"line":25,"column":null}},"5":{"start":{"line":27,"column":2},"end":{"line":29,"column":null}},"6":{"start":{"line":28,"column":4},"end":{"line":28,"column":null}},"7":{"start":{"line":31,"column":19},"end":{"line":34,"column":null}},"8":{"start":{"line":35,"column":19},"end":{"line":35,"column":null}},"9":{"start":{"line":37,"column":22},"end":{"line":37,"column":null}},"10":{"start":{"line":38,"column":22},"end":{"line":38,"column":null}},"11":{"start":{"line":39,"column":2},"end":{"line":44,"column":null}},"12":{"start":{"line":43,"column":4},"end":{"line":43,"column":null}},"13":{"start":{"line":47,"column":13},"end":{"line":73,"column":null}},"14":{"start":{"line":50,"column":16},"end":{"line":50,"column":null}},"15":{"start":{"line":51,"column":14},"end":{"line":51,"column":null}},"16":{"start":{"line":52,"column":2},"end":{"line":52,"column":null}},"17":{"start":{"line":52,"column":12},"end":{"line":52,"column":null}},"18":{"start":{"line":54,"column":38},"end":{"line":59,"column":null}},"19":{"start":{"line":61,"column":2},"end":{"line":62,"column":null}},"20":{"start":{"line":62,"column":4},"end":{"line":62,"column":null}},"21":{"start":{"line":66,"column":2},"end":{"line":67,"column":null}},"22":{"start":{"line":67,"column":4},"end":{"line":67,"column":null}},"23":{"start":{"line":72,"column":2},"end":{"line":72,"column":null}},"24":{"start":{"line":75,"column":31},"end":{"line":77,"column":null}},"25":{"start":{"line":76,"column":2},"end":{"line":76,"column":null}},"26":{"start":{"line":79,"column":35},"end":{"line":91,"column":null}},"27":{"start":{"line":84,"column":19},"end":{"line":84,"column":null}},"28":{"start":{"line":85,"column":2},"end":{"line":90,"column":null}},"29":{"start":{"line":93,"column":13},"end":{"line":104,"column":null}},"30":{"start":{"line":98,"column":2},"end":{"line":102,"column":null}},"31":{"start":{"line":99,"column":4},"end":{"line":101,"column":null}},"32":{"start":{"line":103,"column":2},"end":{"line":103,"column":null}},"33":{"start":{"line":106,"column":13},"end":{"line":119,"column":null}},"34":{"start":{"line":112,"column":20},"end":{"line":112,"column":null}},"35":{"start":{"line":112,"column":48},"end":{"line":112,"column":69}},"36":{"start":{"line":113,"column":2},"end":{"line":117,"column":null}},"37":{"start":{"line":114,"column":4},"end":{"line":116,"column":null}},"38":{"start":{"line":118,"column":2},"end":{"line":118,"column":null}},"39":{"start":{"line":121,"column":13},"end":{"line":123,"column":null}},"40":{"start":{"line":122,"column":2},"end":{"line":122,"column":null}}},"fnMap":{"0":{"name":"(anonymous_0)","decl":{"start":{"line":13,"column":13},"end":{"line":13,"column":null}},"loc":{"start":{"line":16,"column":14},"end":{"line":18,"column":null}},"line":16},"1":{"name":"(anonymous_1)","decl":{"start":{"line":20,"column":13},"end":{"line":20,"column":null}},"loc":{"start":{"line":23,"column":11},"end":{"line":45,"column":null}},"line":23},"2":{"name":"(anonymous_2)","decl":{"start":{"line":47,"column":13},"end":{"line":47,"column":null}},"loc":{"start":{"line":49,"column":36},"end":{"line":73,"column":null}},"line":49},"3":{"name":"(anonymous_3)","decl":{"start":{"line":75,"column":31},"end":{"line":75,"column":38}},"loc":{"start":{"line":75,"column":67},"end":{"line":77,"column":null}},"line":75},"4":{"name":"(anonymous_4)","decl":{"start":{"line":79,"column":35},"end":{"line":79,"column":null}},"loc":{"start":{"line":83,"column":5},"end":{"line":91,"column":null}},"line":83},"5":{"name":"(anonymous_5)","decl":{"start":{"line":93,"column":13},"end":{"line":93,"column":null}},"loc":{"start":{"line":97,"column":5},"end":{"line":104,"column":null}},"line":97},"6":{"name":"(anonymous_6)","decl":{"start":{"line":106,"column":13},"end":{"line":106,"column":null}},"loc":{"start":{"line":111,"column":5},"end":{"line":119,"column":null}},"line":111},"7":{"name":"(anonymous_7)","decl":{"start":{"line":112,"column":29},"end":{"line":112,"column":37}},"loc":{"start":{"line":112,"column":48},"end":{"line":112,"column":69}},"line":112},"8":{"name":"(anonymous_8)","decl":{"start":{"line":121,"column":13},"end":{"line":121,"column":34}},"loc":{"start":{"line":121,"column":56},"end":{"line":123,"column":null}},"line":121}},"branchMap":{"0":{"loc":{"start":{"line":17,"column":9},"end":{"line":17,"column":null}},"type":"binary-expr","locations":[{"start":{"line":17,"column":9},"end":{"line":17,"column":33}},{"start":{"line":17,"column":33},"end":{"line":17,"column":null}}],"line":17},"1":{"loc":{"start":{"line":24,"column":2},"end":{"line":26,"column":null}},"type":"if","locations":[{"start":{"line":24,"column":2},"end":{"line":26,"column":null}},{"start":{},"end":{}}],"line":24},"2":{"loc":{"start":{"line":27,"column":2},"end":{"line":29,"column":null}},"type":"if","locations":[{"start":{"line":27,"column":2},"end":{"line":29,"column":null}},{"start":{},"end":{}}],"line":27},"3":{"loc":{"start":{"line":39,"column":2},"end":{"line":44,"column":null}},"type":"if","locations":[{"start":{"line":39,"column":2},"end":{"line":44,"column":null}},{"start":{},"end":{}}],"line":39},"4":{"loc":{"start":{"line":40,"column":4},"end":{"line":41,"column":null}},"type":"binary-expr","locations":[{"start":{"line":40,"column":4},"end":{"line":40,"column":null}},{"start":{"line":41,"column":4},"end":{"line":41,"column":null}}],"line":40},"5":{"loc":{"start":{"line":52,"column":2},"end":{"line":52,"column":null}},"type":"if","locations":[{"start":{"line":52,"column":2},"end":{"line":52,"column":null}},{"start":{},"end":{}}],"line":52},"6":{"loc":{"start":{"line":58,"column":11},"end":{"line":58,"column":null}},"type":"binary-expr","locations":[{"start":{"line":58,"column":11},"end":{"line":58,"column":61}},{"start":{"line":58,"column":61},"end":{"line":58,"column":null}}],"line":58},"7":{"loc":{"start":{"line":61,"column":2},"end":{"line":62,"column":null}},"type":"if","locations":[{"start":{"line":61,"column":2},"end":{"line":62,"column":null}},{"start":{},"end":{}}],"line":61},"8":{"loc":{"start":{"line":66,"column":2},"end":{"line":67,"column":null}},"type":"if","locations":[{"start":{"line":66,"column":2},"end":{"line":67,"column":null}},{"start":{},"end":{}}],"line":66},"9":{"loc":{"start":{"line":98,"column":2},"end":{"line":102,"column":null}},"type":"if","locations":[{"start":{"line":98,"column":2},"end":{"line":102,"column":null}},{"start":{},"end":{}}],"line":98},"10":{"loc":{"start":{"line":98,"column":6},"end":{"line":98,"column":50}},"type":"binary-expr","locations":[{"start":{"line":98,"column":6},"end":{"line":98,"column":30}},{"start":{"line":98,"column":30},"end":{"line":98,"column":50}}],"line":98},"11":{"loc":{"start":{"line":113,"column":2},"end":{"line":117,"column":null}},"type":"if","locations":[{"start":{"line":113,"column":2},"end":{"line":117,"column":null}},{"start":{},"end":{}}],"line":113},"12":{"loc":{"start":{"line":113,"column":6},"end":{"line":113,"column":41}},"type":"binary-expr","locations":[{"start":{"line":113,"column":6},"end":{"line":113,"column":25}},{"start":{"line":113,"column":25},"end":{"line":113,"column":41}}],"line":113}},"s":{"0":2,"1":2,"2":2,"3":2,"4":0,"5":2,"6":1,"7":1,"8":1,"9":1,"10":1,"11":1,"12":0,"13":2,"14":1,"15":1,"16":1,"17":0,"18":1,"19":1,"20":1,"21":1,"22":0,"23":1,"24":2,"25":0,"26":2,"27":0,"28":0,"29":2,"30":0,"31":0,"32":0,"33":2,"34":0,"35":0,"36":0,"37":0,"38":0,"39":2,"40":0},"f":{"0":2,"1":2,"2":1,"3":0,"4":0,"5":0,"6":0,"7":0,"8":0},"b":{"0":[2,2],"1":[0,2],"2":[1,1],"3":[0,1],"4":[1,1],"5":[0,1],"6":[1,0],"7":[1,0],"8":[0,1],"9":[0,0],"10":[0,0],"11":[0,0],"12":[0,0]},"meta":{"lastBranch":13,"lastFunction":9,"lastStatement":41,"seen":{"s:13:13:18:Infinity":0,"f:13:13:13:Infinity":0,"s:17:2:17:Infinity":1,"b:17:9:17:33:17:33:17:Infinity":0,"s:20:13:45:Infinity":2,"f:20:13:20:Infinity":1,"b:24:2:26:Infinity:undefined:undefined:undefined:undefined":1,"s:24:2:26:Infinity":3,"s:25:4:25:Infinity":4,"b:27:2:29:Infinity:undefined:undefined:undefined:undefined":2,"s:27:2:29:Infinity":5,"s:28:4:28:Infinity":6,"s:31:19:34:Infinity":7,"s:35:19:35:Infinity":8,"s:37:22:37:Infinity":9,"s:38:22:38:Infinity":10,"b:39:2:44:Infinity:undefined:undefined:undefined:undefined":3,"s:39:2:44:Infinity":11,"b:40:4:40:Infinity:41:4:41:Infinity":4,"s:43:4:43:Infinity":12,"s:47:13:73:Infinity":13,"f:47:13:47:Infinity":2,"s:50:16:50:Infinity":14,"s:51:14:51:Infinity":15,"b:52:2:52:Infinity:undefined:undefined:undefined:undefined":5,"s:52:2:52:Infinity":16,"s:52:12:52:Infinity":17,"s:54:38:59:Infinity":18,"b:58:11:58:61:58:61:58:Infinity":6,"b:61:2:62:Infinity:undefined:undefined:undefined:undefined":7,"s:61:2:62:Infinity":19,"s:62:4:62:Infinity":20,"b:66:2:67:Infinity:undefined:undefined:undefined:undefined":8,"s:66:2:67:Infinity":21,"s:67:4:67:Infinity":22,"s:72:2:72:Infinity":23,"s:75:31:77:Infinity":24,"f:75:31:75:38":3,"s:76:2:76:Infinity":25,"s:79:35:91:Infinity":26,"f:79:35:79:Infinity":4,"s:84:19:84:Infinity":27,"s:85:2:90:Infinity":28,"s:93:13:104:Infinity":29,"f:93:13:93:Infinity":5,"b:98:2:102:Infinity:undefined:undefined:undefined:undefined":9,"s:98:2:102:Infinity":30,"b:98:6:98:30:98:30:98:50":10,"s:99:4:101:Infinity":31,"s:103:2:103:Infinity":32,"s:106:13:119:Infinity":33,"f:106:13:106:Infinity":6,"s:112:20:112:Infinity":34,"f:112:29:112:37":7,"s:112:48:112:69":35,"b:113:2:117:Infinity:undefined:undefined:undefined:undefined":11,"s:113:2:117:Infinity":36,"b:113:6:113:25:113:25:113:41":12,"s:114:4:116:Infinity":37,"s:118:2:118:Infinity":38,"s:121:13:123:Infinity":39,"f:121:13:121:34":8,"s:122:2:122:Infinity":40},"fnNames":{}}}
,"C:\\Users\\lfex\\Desktop\\PenniWise\\server\\src\\module\\whatsapp\\whatsapp.templates.ts": {"path":"C:\\Users\\lfex\\Desktop\\PenniWise\\server\\src\\module\\whatsapp\\whatsapp.templates.ts","statementMap":{"0":{"start":{"line":1,"column":28},"end":{"line":9,"column":null}}},"fnMap":{},"branchMap":{},"s":{"0":2},"f":{},"b":{},"meta":{"lastBranch":0,"lastFunction":0,"lastStatement":1,"seen":{"s:1:28:9:Infinity":0},"fnNames":{}}}
,"C:\\Users\\lfex\\Desktop\\PenniWise\\server\\src\\module\\whatsapp\\whatsapp.types.ts": {"path":"C:\\Users\\lfex\\Desktop\\PenniWise\\server\\src\\module\\whatsapp\\whatsapp.types.ts","statementMap":{},"fnMap":{},"branchMap":{},"s":{},"f":{},"b":{},"meta":{"lastBranch":0,"lastFunction":0,"lastStatement":0,"seen":{},"fnNames":{}}}
,"C:\\Users\\lfex\\Desktop\\PenniWise\\server\\src\\routes\\health.routes.ts": {"path":"C:\\Users\\lfex\\Desktop\\PenniWise\\server\\src\\routes\\health.routes.ts","statementMap":{"0":{"start":{"line":4,"column":23},"end":{"line":4,"column":30}},"1":{"start":{"line":6,"column":0},"end":{"line":6,"column":null}}},"fnMap":{},"branchMap":{},"s":{"0":1,"1":1},"f":{},"b":{},"meta":{"lastBranch":0,"lastFunction":0,"lastStatement":2,"seen":{"s:4:23:4:30":0,"s:6:0:6:Infinity":1},"fnNames":{}}}
,"C:\\Users\\lfex\\Desktop\\PenniWise\\server\\src\\routes\\index.ts": {"path":"C:\\Users\\lfex\\Desktop\\PenniWise\\server\\src\\routes\\index.ts","statementMap":{"0":{"start":{"line":4,"column":23},"end":{"line":4,"column":30}},"1":{"start":{"line":6,"column":0},"end":{"line":6,"column":null}}},"fnMap":{},"branchMap":{},"s":{"0":1,"1":1},"f":{},"b":{},"meta":{"lastBranch":0,"lastFunction":0,"lastStatement":2,"seen":{"s:4:23:4:30":0,"s:6:0:6:Infinity":1},"fnNames":{}}}
,"C:\\Users\\lfex\\Desktop\\PenniWise\\server\\src\\types\\express.d.ts": {"path":"C:\\Users\\lfex\\Desktop\\PenniWise\\server\\src\\types\\express.d.ts","statementMap":{},"fnMap":{},"branchMap":{},"s":{},"f":{},"b":{},"meta":{"lastBranch":0,"lastFunction":0,"lastStatement":0,"seen":{},"fnNames":{}}}
,"C:\\Users\\lfex\\Desktop\\PenniWise\\server\\src\\utils\\appError.ts": {"path":"C:\\Users\\lfex\\Desktop\\PenniWise\\server\\src\\utils\\appError.ts","statementMap":{"0":{"start":{"line":8,"column":4},"end":{"line":8,"column":null}},"1":{"start":{"line":10,"column":4},"end":{"line":10,"column":null}},"2":{"start":{"line":11,"column":4},"end":{"line":11,"column":null}},"3":{"start":{"line":12,"column":4},"end":{"line":12,"column":null}},"4":{"start":{"line":13,"column":4},"end":{"line":13,"column":null}},"5":{"start":{"line":15,"column":4},"end":{"line":15,"column":null}},"6":{"start":{"line":21,"column":4},"end":{"line":21,"column":null}},"7":{"start":{"line":27,"column":4},"end":{"line":27,"column":null}},"8":{"start":{"line":33,"column":4},"end":{"line":33,"column":null}},"9":{"start":{"line":39,"column":4},"end":{"line":39,"column":null}},"10":{"start":{"line":45,"column":4},"end":{"line":45,"column":null}},"11":{"start":{"line":51,"column":4},"end":{"line":51,"column":null}}},"fnMap":{"0":{"name":"constructor","decl":{"start":{"line":7,"column":2},"end":{"line":7,"column":14}},"loc":{"start":{"line":7,"column":67},"end":{"line":16,"column":null}},"line":7},"1":{"name":"constructor_2","decl":{"start":{"line":20,"column":2},"end":{"line":20,"column":14}},"loc":{"start":{"line":20,"column":32},"end":{"line":22,"column":null}},"line":20},"2":{"name":"constructor_3","decl":{"start":{"line":26,"column":2},"end":{"line":26,"column":14}},"loc":{"start":{"line":26,"column":47},"end":{"line":28,"column":null}},"line":26},"3":{"name":"constructor_4","decl":{"start":{"line":32,"column":2},"end":{"line":32,"column":14}},"loc":{"start":{"line":32,"column":40},"end":{"line":34,"column":null}},"line":32},"4":{"name":"constructor_5","decl":{"start":{"line":38,"column":2},"end":{"line":38,"column":14}},"loc":{"start":{"line":38,"column":37},"end":{"line":40,"column":null}},"line":38},"5":{"name":"constructor_6","decl":{"start":{"line":44,"column":2},"end":{"line":44,"column":14}},"loc":{"start":{"line":44,"column":31},"end":{"line":46,"column":null}},"line":44},"6":{"name":"constructor_7","decl":{"start":{"line":50,"column":2},"end":{"line":50,"column":14}},"loc":{"start":{"line":50,"column":47},"end":{"line":52,"column":null}},"line":50}},"branchMap":{"0":{"loc":{"start":{"line":11,"column":18},"end":{"line":11,"column":null}},"type":"cond-expr","locations":[{"start":{"line":11,"column":52},"end":{"line":11,"column":61}},{"start":{"line":11,"column":61},"end":{"line":11,"column":null}}],"line":11},"1":{"loc":{"start":{"line":32,"column":14},"end":{"line":32,"column":40}},"type":"default-arg","locations":[{"start":{"line":32,"column":24},"end":{"line":32,"column":40}}],"line":32},"2":{"loc":{"start":{"line":38,"column":14},"end":{"line":38,"column":37}},"type":"default-arg","locations":[{"start":{"line":38,"column":24},"end":{"line":38,"column":37}}],"line":38}},"s":{"0":24,"1":24,"2":24,"3":24,"4":24,"5":24,"6":0,"7":0,"8":1,"9":3,"10":0,"11":8},"f":{"0":24,"1":0,"2":0,"3":1,"4":3,"5":0,"6":8},"b":{"0":[16,8],"1":[1],"2":[3]},"meta":{"lastBranch":3,"lastFunction":7,"lastStatement":12,"seen":{"f:7:2:7:14":0,"s:8:4:8:Infinity":0,"s:10:4:10:Infinity":1,"s:11:4:11:Infinity":2,"b:11:52:11:61:11:61:11:Infinity":0,"s:12:4:12:Infinity":3,"s:13:4:13:Infinity":4,"s:15:4:15:Infinity":5,"f:20:2:20:14":1,"s:21:4:21:Infinity":6,"f:26:2:26:14":2,"s:27:4:27:Infinity":7,"f:32:2:32:14":3,"b:32:24:32:40":1,"s:33:4:33:Infinity":8,"f:38:2:38:14":4,"b:38:24:38:37":2,"s:39:4:39:Infinity":9,"f:44:2:44:14":5,"s:45:4:45:Infinity":10,"f:50:2:50:14":6,"s:51:4:51:Infinity":11},"fnNames":{}}}
,"C:\\Users\\lfex\\Desktop\\PenniWise\\server\\src\\utils\\catchAsync.ts": {"path":"C:\\Users\\lfex\\Desktop\\PenniWise\\server\\src\\utils\\catchAsync.ts","statementMap":{"0":{"start":{"line":9,"column":13},"end":{"line":13,"column":null}},"1":{"start":{"line":10,"column":2},"end":{"line":12,"column":null}},"2":{"start":{"line":11,"column":4},"end":{"line":11,"column":null}}},"fnMap":{"0":{"name":"(anonymous_0)","decl":{"start":{"line":9,"column":13},"end":{"line":9,"column":27}},"loc":{"start":{"line":9,"column":48},"end":{"line":13,"column":null}},"line":9},"1":{"name":"(anonymous_1)","decl":{"start":{"line":10,"column":2},"end":{"line":10,"column":10}},"loc":{"start":{"line":10,"column":62},"end":{"line":12,"column":null}},"line":10}},"branchMap":{},"s":{"0":2,"1":2,"2":2},"f":{"0":2,"1":2},"b":{},"meta":{"lastBranch":0,"lastFunction":2,"lastStatement":3,"seen":{"s:9:13:13:Infinity":0,"f:9:13:9:27":0,"s:10:2:12:Infinity":1,"f:10:2:10:10":1,"s:11:4:11:Infinity":2},"fnNames":{}}}
,"C:\\Users\\lfex\\Desktop\\PenniWise\\server\\src\\utils\\crypto.ts": {"path":"C:\\Users\\lfex\\Desktop\\PenniWise\\server\\src\\utils\\crypto.ts","statementMap":{"0":{"start":{"line":3,"column":13},"end":{"line":5,"column":null}},"1":{"start":{"line":4,"column":2},"end":{"line":4,"column":null}}},"fnMap":{"0":{"name":"(anonymous_0)","decl":{"start":{"line":3,"column":13},"end":{"line":3,"column":26}},"loc":{"start":{"line":3,"column":52},"end":{"line":5,"column":null}},"line":3}},"branchMap":{},"s":{"0":1,"1":0},"f":{"0":0},"b":{},"meta":{"lastBranch":0,"lastFunction":1,"lastStatement":2,"seen":{"s:3:13:5:Infinity":0,"f:3:13:3:26":0,"s:4:2:4:Infinity":1},"fnNames":{}}}
,"C:\\Users\\lfex\\Desktop\\PenniWise\\server\\src\\utils\\jwt.ts": {"path":"C:\\Users\\lfex\\Desktop\\PenniWise\\server\\src\\utils\\jwt.ts","statementMap":{"0":{"start":{"line":15,"column":2},"end":{"line":19,"column":null}},"1":{"start":{"line":23,"column":2},"end":{"line":23,"column":null}},"2":{"start":{"line":27,"column":2},"end":{"line":29,"column":null}},"3":{"start":{"line":33,"column":2},"end":{"line":33,"column":null}}},"fnMap":{"0":{"name":"signAccessToken","decl":{"start":{"line":14,"column":16},"end":{"line":14,"column":32}},"loc":{"start":{"line":14,"column":69},"end":{"line":20,"column":null}},"line":14},"1":{"name":"verifyAccessToken","decl":{"start":{"line":22,"column":16},"end":{"line":22,"column":34}},"loc":{"start":{"line":22,"column":69},"end":{"line":24,"column":null}},"line":22},"2":{"name":"signRefreshToken","decl":{"start":{"line":26,"column":16},"end":{"line":26,"column":33}},"loc":{"start":{"line":26,"column":71},"end":{"line":30,"column":null}},"line":26},"3":{"name":"verifyRefreshToken","decl":{"start":{"line":32,"column":16},"end":{"line":32,"column":35}},"loc":{"start":{"line":32,"column":71},"end":{"line":34,"column":null}},"line":32}},"branchMap":{},"s":{"0":0,"1":0,"2":0,"3":0},"f":{"0":0,"1":0,"2":0,"3":0},"b":{},"meta":{"lastBranch":0,"lastFunction":4,"lastStatement":4,"seen":{"f:14:16:14:32":0,"s:15:2:19:Infinity":0,"f:22:16:22:34":1,"s:23:2:23:Infinity":1,"f:26:16:26:33":2,"s:27:2:29:Infinity":2,"f:32:16:32:35":3,"s:33:2:33:Infinity":3},"fnNames":{}}}
,"C:\\Users\\lfex\\Desktop\\PenniWise\\server\\src\\utils\\password.ts": {"path":"C:\\Users\\lfex\\Desktop\\PenniWise\\server\\src\\utils\\password.ts","statementMap":{"0":{"start":{"line":6,"column":28},"end":{"line":8,"column":null}},"1":{"start":{"line":7,"column":2},"end":{"line":7,"column":null}},"2":{"start":{"line":10,"column":31},"end":{"line":15,"column":null}},"3":{"start":{"line":14,"column":2},"end":{"line":14,"column":null}}},"fnMap":{"0":{"name":"(anonymous_0)","decl":{"start":{"line":6,"column":28},"end":{"line":6,"column":35}},"loc":{"start":{"line":6,"column":73},"end":{"line":8,"column":null}},"line":6},"1":{"name":"(anonymous_1)","decl":{"start":{"line":10,"column":31},"end":{"line":10,"column":null}},"loc":{"start":{"line":13,"column":23},"end":{"line":15,"column":null}},"line":13}},"branchMap":{},"s":{"0":1,"1":0,"2":1,"3":0},"f":{"0":0,"1":0},"b":{},"meta":{"lastBranch":0,"lastFunction":2,"lastStatement":4,"seen":{"s:6:28:8:Infinity":0,"f:6:28:6:35":0,"s:7:2:7:Infinity":1,"s:10:31:15:Infinity":2,"f:10:31:10:Infinity":1,"s:14:2:14:Infinity":3},"fnNames":{}}}
}
